2021-12-09 09:18:19.336 [XNIO-1 task-32] ERROR com.iotinall.framework.util.FileUtil - 文件生成失败：tmpfile\6d757e76-71fc-464c-b0e1-f4ea0e526a1b.jpg (系统找不到指定的路径。)
2021-12-09 09:19:12.857 [XNIO-1 task-37] ERROR com.iotinall.framework.util.FileUtil - 文件生成失败：tmpfile\6d757e76-71fc-464c-b0e1-f4ea0e526a1b.jpg (系统找不到指定的路径。)
2021-12-09 09:19:31.751 [XNIO-1 task-38] ERROR com.iotinall.framework.util.FileUtil - 文件生成失败：tmpfile\6d757e76-71fc-464c-b0e1-f4ea0e526a1b.jpg (系统找不到指定的路径。)
2021-12-09 09:20:38.372 [XNIO-1 task-41] ERROR com.iotinall.framework.util.FileUtil - 文件生成失败：tmpfile\8e1dcfda-51b6-4d2e-bd5e-7f6d7162ab7c.png (系统找不到指定的路径。)
2021-12-09 09:23:54.498 [XNIO-1 task-46] ERROR com.iotinall.framework.util.FileUtil - 文件生成失败：tmpfile\8e1dcfda-51b6-4d2e-bd5e-7f6d7162ab7c.png (系统找不到指定的路径。)
2021-12-09 09:23:57.473 [XNIO-1 task-47] ERROR com.iotinall.framework.util.FileUtil - 文件生成失败：tmpfile\22deb76a-b6a9-4d5e-8db6-ad170b8939d4.png (系统找不到指定的路径。)
2021-12-09 09:25:26.223 [XNIO-1 task-54] ERROR com.iotinall.framework.util.FileUtil - 文件生成失败：tmpfile\8e1dcfda-51b6-4d2e-bd5e-7f6d7162ab7c.png (系统找不到指定的路径。)
2021-12-09 09:25:29.066 [XNIO-1 task-55] ERROR com.iotinall.framework.util.FileUtil - 文件生成失败：tmpfile\8e1dcfda-51b6-4d2e-bd5e-7f6d7162ab7c.png (系统找不到指定的路径。)
2021-12-09 09:25:32.040 [XNIO-1 task-56] ERROR com.iotinall.framework.util.FileUtil - 文件生成失败：tmpfile\22deb76a-b6a9-4d5e-8db6-ad170b8939d4.png (系统找不到指定的路径。)
2021-12-09 09:25:39.866 [XNIO-1 task-57] ERROR com.iotinall.framework.util.FileUtil - 文件生成失败：tmpfile\6d757e76-71fc-464c-b0e1-f4ea0e526a1b.jpg (系统找不到指定的路径。)
2021-12-09 09:25:43.819 [XNIO-1 task-58] ERROR com.iotinall.framework.util.FileUtil - 文件生成失败：tmpfile\6d757e76-71fc-464c-b0e1-f4ea0e526a1b.jpg (系统找不到指定的路径。)
2021-12-09 09:25:45.736 [XNIO-1 task-59] ERROR com.iotinall.framework.util.FileUtil - 文件生成失败：tmpfile\8e1dcfda-51b6-4d2e-bd5e-7f6d7162ab7c.png (系统找不到指定的路径。)
2021-12-09 09:27:17.651 [XNIO-1 task-64] ERROR com.iotinall.framework.util.FileUtil - 文件生成失败：tmpfile\6d757e76-71fc-464c-b0e1-f4ea0e526a1b.jpg (系统找不到指定的路径。)
2021-12-09 09:27:46.995 [XNIO-1 task-67] ERROR com.iotinall.framework.util.FileUtil - 文件生成失败：tmpfile\6d757e76-71fc-464c-b0e1-f4ea0e526a1b.jpg (系统找不到指定的路径。)
2021-12-09 09:27:49.778 [XNIO-1 task-68] ERROR com.iotinall.framework.util.FileUtil - 文件生成失败：tmpfile\6d757e76-71fc-464c-b0e1-f4ea0e526a1b.jpg (系统找不到指定的路径。)
2021-12-09 09:28:52.781 [XNIO-1 task-69] ERROR com.iotinall.framework.util.FileUtil - 文件生成失败：tmpfile\6d757e76-71fc-464c-b0e1-f4ea0e526a1b.jpg (系统找不到指定的路径。)
2021-12-09 09:34:15.893 [XNIO-1 task-72] ERROR com.iotinall.framework.util.FileUtil - 文件生成失败：tmpfile\8e1dcfda-51b6-4d2e-bd5e-7f6d7162ab7c.png (系统找不到指定的路径。)
2021-12-09 09:34:18.760 [XNIO-1 task-73] ERROR com.iotinall.framework.util.FileUtil - 文件生成失败：tmpfile\8e1dcfda-51b6-4d2e-bd5e-7f6d7162ab7c.png (系统找不到指定的路径。)
2021-12-09 09:34:20.625 [XNIO-1 task-74] ERROR com.iotinall.framework.util.FileUtil - 文件生成失败：tmpfile\6d757e76-71fc-464c-b0e1-f4ea0e526a1b.jpg (系统找不到指定的路径。)
2021-12-09 09:34:24.297 [XNIO-1 task-75] ERROR com.iotinall.framework.util.FileUtil - 文件生成失败：tmpfile\6d757e76-71fc-464c-b0e1-f4ea0e526a1b.jpg (系统找不到指定的路径。)
2021-12-09 09:38:27.498 [XNIO-1 task-78] ERROR com.iotinall.framework.util.FileUtil - 文件生成失败：tmpfile\6d757e76-71fc-464c-b0e1-f4ea0e526a1b.jpg (系统找不到指定的路径。)
2021-12-09 09:38:31.047 [XNIO-1 task-79] ERROR com.iotinall.framework.util.FileUtil - 文件生成失败：tmpfile\6d757e76-71fc-464c-b0e1-f4ea0e526a1b.jpg (系统找不到指定的路径。)
2021-12-09 09:39:20.353 [XNIO-1 task-80] ERROR com.iotinall.framework.util.FileUtil - 文件生成失败：tmpfile\6d757e76-71fc-464c-b0e1-f4ea0e526a1b.jpg (系统找不到指定的路径。)
2021-12-09 09:39:28.017 [XNIO-1 task-84] ERROR com.iotinall.framework.util.FileUtil - 文件生成失败：tmpfile\6d757e76-71fc-464c-b0e1-f4ea0e526a1b.jpg (系统找不到指定的路径。)
2021-12-09 09:39:31.918 [XNIO-1 task-85] ERROR com.iotinall.framework.util.FileUtil - 文件生成失败：tmpfile\6d757e76-71fc-464c-b0e1-f4ea0e526a1b.jpg (系统找不到指定的路径。)
2021-12-09 09:39:53.869 [XNIO-1 task-88] ERROR com.iotinall.framework.util.FileUtil - 文件生成失败：tmpfile\6d757e76-71fc-464c-b0e1-f4ea0e526a1b.jpg (系统找不到指定的路径。)
2021-12-09 09:40:20.197 [XNIO-1 task-89] ERROR com.iotinall.framework.util.FileUtil - 文件生成失败：tmpfile\6d757e76-71fc-464c-b0e1-f4ea0e526a1b.jpg (系统找不到指定的路径。)
2021-12-09 09:43:17.428 [XNIO-1 task-94] ERROR com.iotinall.framework.util.FileUtil - 文件生成失败：tmpfile\6d757e76-71fc-464c-b0e1-f4ea0e526a1b.jpg (系统找不到指定的路径。)
2021-12-09 09:43:29.205 [XNIO-1 task-95] ERROR com.iotinall.framework.util.FileUtil - 文件生成失败：tmpfile\6d757e76-71fc-464c-b0e1-f4ea0e526a1b.jpg (系统找不到指定的路径。)
2021-12-09 09:46:09.591 [XNIO-1 task-98] ERROR com.iotinall.framework.util.FileUtil - 文件生成失败：tmpfile\8e1dcfda-51b6-4d2e-bd5e-7f6d7162ab7c.png (系统找不到指定的路径。)
2021-12-09 09:46:12.303 [XNIO-1 task-99] ERROR com.iotinall.framework.util.FileUtil - 文件生成失败：tmpfile\8e1dcfda-51b6-4d2e-bd5e-7f6d7162ab7c.png (系统找不到指定的路径。)
2021-12-09 09:46:15.039 [XNIO-1 task-100] ERROR com.iotinall.framework.util.FileUtil - 文件生成失败：tmpfile\6d757e76-71fc-464c-b0e1-f4ea0e526a1b.jpg (系统找不到指定的路径。)
2021-12-09 09:47:59.386 [XNIO-1 task-103] ERROR com.iotinall.framework.util.FileUtil - 文件生成失败：tmpfile\6d757e76-71fc-464c-b0e1-f4ea0e526a1b.jpg (系统找不到指定的路径。)
2021-12-09 09:48:41.827 [XNIO-1 task-106] ERROR com.iotinall.framework.util.FileUtil - 文件生成失败：tmpfile\6d757e76-71fc-464c-b0e1-f4ea0e526a1b.jpg (系统找不到指定的路径。)
2021-12-09 09:48:45.323 [XNIO-1 task-107] ERROR com.iotinall.framework.util.FileUtil - 文件生成失败：tmpfile\6d757e76-71fc-464c-b0e1-f4ea0e526a1b.jpg (系统找不到指定的路径。)
2021-12-09 09:48:55.258 [XNIO-1 task-110] ERROR com.iotinall.framework.util.FileUtil - 文件生成失败：tmpfile\6d757e76-71fc-464c-b0e1-f4ea0e526a1b.jpg (系统找不到指定的路径。)
2021-12-09 09:49:14.713 [XNIO-1 task-111] ERROR com.iotinall.framework.util.FileUtil - 文件生成失败：tmpfile\6d757e76-71fc-464c-b0e1-f4ea0e526a1b.jpg (系统找不到指定的路径。)
2021-12-09 09:49:46.387 [XNIO-1 task-114] ERROR com.iotinall.framework.util.FileUtil - 文件生成失败：tmpfile\6d757e76-71fc-464c-b0e1-f4ea0e526a1b.jpg (系统找不到指定的路径。)
2021-12-09 09:49:54.445 [XNIO-1 task-115] ERROR com.iotinall.framework.util.FileUtil - 文件生成失败：tmpfile\6d757e76-71fc-464c-b0e1-f4ea0e526a1b.jpg (系统找不到指定的路径。)
2021-12-09 09:52:36.053 [XNIO-1 task-120] ERROR com.iotinall.framework.util.FileUtil - 文件生成失败：tmpfile\6d757e76-71fc-464c-b0e1-f4ea0e526a1b.jpg (系统找不到指定的路径。)
2021-12-09 09:54:52.470 [XNIO-1 task-121] ERROR com.iotinall.framework.util.FileUtil - 文件生成失败：tmpfile\6d757e76-71fc-464c-b0e1-f4ea0e526a1b.jpg (系统找不到指定的路径。)
2021-12-09 09:54:57.522 [XNIO-1 task-124] ERROR com.iotinall.framework.util.FileUtil - 文件生成失败：tmpfile\6d757e76-71fc-464c-b0e1-f4ea0e526a1b.jpg (系统找不到指定的路径。)
2021-12-09 09:55:04.146 [XNIO-1 task-125] ERROR com.iotinall.framework.util.FileUtil - 文件生成失败：tmpfile\6d757e76-71fc-464c-b0e1-f4ea0e526a1b.jpg (系统找不到指定的路径。)
2021-12-09 09:55:12.343 [XNIO-1 task-126] ERROR com.iotinall.framework.util.FileUtil - 文件生成失败：tmpfile\6d757e76-71fc-464c-b0e1-f4ea0e526a1b.jpg (系统找不到指定的路径。)
2021-12-09 09:55:14.452 [XNIO-1 task-127] ERROR com.iotinall.framework.util.FileUtil - 文件生成失败：tmpfile\8e1dcfda-51b6-4d2e-bd5e-7f6d7162ab7c.png (系统找不到指定的路径。)
2021-12-09 10:13:13.308 [XNIO-1 task-38] ERROR com.iotinall.framework.util.FileUtil - 文件生成失败：tmpfile\6d757e76-71fc-464c-b0e1-f4ea0e526a1b.jpg (系统找不到指定的路径。)
2021-12-09 10:13:15.679 [XNIO-1 task-39] ERROR com.iotinall.framework.util.FileUtil - 文件生成失败：tmpfile\8e1dcfda-51b6-4d2e-bd5e-7f6d7162ab7c.png (系统找不到指定的路径。)
2021-12-09 10:13:18.130 [XNIO-1 task-40] ERROR com.iotinall.framework.util.FileUtil - 文件生成失败：tmpfile\22deb76a-b6a9-4d5e-8db6-ad170b8939d4.png (系统找不到指定的路径。)
2021-12-09 10:14:39.396 [XNIO-1 task-47] ERROR com.iotinall.framework.util.FileUtil - 文件生成失败：tmpfile\6d757e76-71fc-464c-b0e1-f4ea0e526a1b.jpg (系统找不到指定的路径。)
2021-12-09 10:14:41.416 [XNIO-1 task-48] ERROR com.iotinall.framework.util.FileUtil - 文件生成失败：tmpfile\8e1dcfda-51b6-4d2e-bd5e-7f6d7162ab7c.png (系统找不到指定的路径。)
2021-12-09 10:16:12.337 [XNIO-1 task-55] ERROR com.iotinall.framework.util.FileUtil - 文件生成失败：tmpfile\6d757e76-71fc-464c-b0e1-f4ea0e526a1b.jpg (系统找不到指定的路径。)
2021-12-09 10:16:19.087 [XNIO-1 task-59] ERROR com.iotinall.framework.util.FileUtil - 文件生成失败：tmpfile\6d757e76-71fc-464c-b0e1-f4ea0e526a1b.jpg (系统找不到指定的路径。)
2021-12-09 10:16:28.032 [XNIO-1 task-63] ERROR com.iotinall.framework.util.FileUtil - 文件生成失败：tmpfile\8e1dcfda-51b6-4d2e-bd5e-7f6d7162ab7c.png (系统找不到指定的路径。)
2021-12-09 10:16:32.586 [XNIO-1 task-64] ERROR com.iotinall.framework.util.FileUtil - 文件生成失败：tmpfile\22deb76a-b6a9-4d5e-8db6-ad170b8939d4.png (系统找不到指定的路径。)
2021-12-09 10:17:34.914 [XNIO-1 task-77] ERROR com.iotinall.framework.util.FileUtil - 文件生成失败：tmpfile\6d757e76-71fc-464c-b0e1-f4ea0e526a1b.jpg (系统找不到指定的路径。)
2021-12-09 10:20:30.794 [XNIO-1 task-88] ERROR com.iotinall.framework.util.FileUtil - 文件生成失败：tmpfile\6d757e76-71fc-464c-b0e1-f4ea0e526a1b.jpg (系统找不到指定的路径。)
2021-12-09 10:36:21.481 [XNIO-1 task-45] ERROR com.iotinall.framework.util.FileUtil - 文件生成失败：tmpfile\8e1dcfda-51b6-4d2e-bd5e-7f6d7162ab7c.png (系统找不到指定的路径。)
2021-12-09 10:36:24.756 [XNIO-1 task-47] ERROR com.iotinall.framework.util.FileUtil - 文件生成失败：tmpfile\6d757e76-71fc-464c-b0e1-f4ea0e526a1b.jpg (系统找不到指定的路径。)
2021-12-09 10:36:53.429 [XNIO-1 task-50] ERROR com.iotinall.framework.util.FileUtil - 文件生成失败：tmpfile\6d757e76-71fc-464c-b0e1-f4ea0e526a1b.jpg (系统找不到指定的路径。)
2021-12-09 10:38:04.726 [XNIO-1 task-60] ERROR com.iotinall.framework.util.FileUtil - 文件生成失败：tmpfile\6d757e76-71fc-464c-b0e1-f4ea0e526a1b.jpg (系统找不到指定的路径。)
2021-12-09 10:46:43.070 [XNIO-1 task-76] ERROR com.iotinall.framework.util.FileUtil - 文件生成失败：tmpfile\8e1dcfda-51b6-4d2e-bd5e-7f6d7162ab7c.png (系统找不到指定的路径。)
2021-12-09 10:55:57.305 [XNIO-1 task-95] ERROR com.iotinall.framework.util.FileUtil - 文件生成失败：tmpfile\8e1dcfda-51b6-4d2e-bd5e-7f6d7162ab7c.png (系统找不到指定的路径。)
2021-12-09 10:56:01.555 [XNIO-1 task-96] ERROR com.iotinall.framework.util.FileUtil - 文件生成失败：tmpfile\8e1dcfda-51b6-4d2e-bd5e-7f6d7162ab7c.png (系统找不到指定的路径。)
2021-12-09 10:56:15.771 [XNIO-1 task-101] ERROR com.iotinall.framework.util.FileUtil - 文件生成失败：tmpfile\6d757e76-71fc-464c-b0e1-f4ea0e526a1b.jpg (系统找不到指定的路径。)
2021-12-09 10:59:29.557 [XNIO-1 task-3] ERROR com.iotinall.framework.util.FileUtil - 文件生成失败：tmpfile\6d757e76-71fc-464c-b0e1-f4ea0e526a1b.jpg (系统找不到指定的路径。)
2021-12-09 10:59:37.888 [XNIO-1 task-4] ERROR com.iotinall.framework.util.FileUtil - 文件生成失败：tmpfile\6d757e76-71fc-464c-b0e1-f4ea0e526a1b.jpg (系统找不到指定的路径。)
2021-12-09 10:59:40.024 [XNIO-1 task-5] ERROR com.iotinall.framework.util.FileUtil - 文件生成失败：tmpfile\8e1dcfda-51b6-4d2e-bd5e-7f6d7162ab7c.png (系统找不到指定的路径。)
2021-12-09 11:22:42.585 [XNIO-1 task-61] ERROR com.iotinall.framework.util.FileUtil - 文件生成失败：tmpfile\6d757e76-71fc-464c-b0e1-f4ea0e526a1b.jpg (系统找不到指定的路径。)
2021-12-09 11:37:00.621 [XNIO-1 task-102] ERROR com.iotinall.framework.util.FileUtil - 文件生成失败：tmpfile\8e1dcfda-51b6-4d2e-bd5e-7f6d7162ab7c.png (系统找不到指定的路径。)
2021-12-09 11:42:07.191 [XNIO-1 task-126] ERROR com.iotinall.framework.util.FileUtil - 文件生成失败：tmpfile\8e1dcfda-51b6-4d2e-bd5e-7f6d7162ab7c.png (系统找不到指定的路径。)
2021-12-09 11:49:54.768 [XNIO-1 task-21] ERROR com.iotinall.framework.util.FileUtil - 文件生成失败：tmpfile\8e1dcfda-51b6-4d2e-bd5e-7f6d7162ab7c.png (系统找不到指定的路径。)
2021-12-09 13:58:42.253 [XNIO-1 task-1] ERROR com.iotinall.framework.util.FileUtil - 文件生成失败：tmpfile\6d757e76-71fc-464c-b0e1-f4ea0e526a1b.jpg (系统找不到指定的路径。)
2021-12-09 15:21:28.483 [XNIO-1 task-53] ERROR c.i.f.handler.RestControllerExceptionHandler - invocation http://192.168.101.123:6565/user/logout error
java.lang.ClassCastException: java.lang.String cannot be cast to com.iotinall.framework.modules.security.module.SecurityUserDetails
	at com.iotinall.framework.modules.security.util.SecurityUtil.getCurrUserModel(SecurityUtil.java:47)
	at com.iotinall.framework.modules.admin.service.UserService.loginOut(UserService.java:111)
	at com.iotinall.framework.modules.admin.service.UserService$$FastClassBySpringCGLIB$$33f3d148.invoke(<generated>)
	at org.springframework.cglib.proxy.MethodProxy.invoke(MethodProxy.java:218)
	at org.springframework.aop.framework.CglibAopProxy$CglibMethodInvocation.invokeJoinpoint(CglibAopProxy.java:769)
	at org.springframework.aop.framework.ReflectiveMethodInvocation.proceed(ReflectiveMethodInvocation.java:163)
	at org.springframework.aop.framework.CglibAopProxy$CglibMethodInvocation.proceed(CglibAopProxy.java:747)
	at org.springframework.transaction.interceptor.TransactionAspectSupport.invokeWithinTransaction(TransactionAspectSupport.java:366)
	at org.springframework.transaction.interceptor.TransactionInterceptor.invoke(TransactionInterceptor.java:99)
	at org.springframework.aop.framework.ReflectiveMethodInvocation.proceed(ReflectiveMethodInvocation.java:186)
	at org.springframework.aop.framework.CglibAopProxy$CglibMethodInvocation.proceed(CglibAopProxy.java:747)
	at org.springframework.aop.framework.CglibAopProxy$DynamicAdvisedInterceptor.intercept(CglibAopProxy.java:689)
	at com.iotinall.framework.modules.admin.service.UserService$$EnhancerBySpringCGLIB$$38208cbd.loginOut(<generated>)
	at com.iotinall.framework.modules.admin.controller.UserController.loginOut(UserController.java:62)
	at sun.reflect.NativeMethodAccessorImpl.invoke0(Native Method)
	at sun.reflect.NativeMethodAccessorImpl.invoke(NativeMethodAccessorImpl.java:62)
	at sun.reflect.DelegatingMethodAccessorImpl.invoke(DelegatingMethodAccessorImpl.java:43)
	at java.lang.reflect.Method.invoke(Method.java:498)
	at org.springframework.web.method.support.InvocableHandlerMethod.doInvoke(InvocableHandlerMethod.java:190)
	at org.springframework.web.method.support.InvocableHandlerMethod.invokeForRequest(InvocableHandlerMethod.java:138)
	at org.springframework.web.servlet.mvc.method.annotation.ServletInvocableHandlerMethod.invokeAndHandle(ServletInvocableHandlerMethod.java:106)
	at org.springframework.web.servlet.mvc.method.annotation.RequestMappingHandlerAdapter.invokeHandlerMethod(RequestMappingHandlerAdapter.java:888)
	at org.springframework.web.servlet.mvc.method.annotation.RequestMappingHandlerAdapter.handleInternal(RequestMappingHandlerAdapter.java:793)
	at org.springframework.web.servlet.mvc.method.AbstractHandlerMethodAdapter.handle(AbstractHandlerMethodAdapter.java:87)
	at org.springframework.web.servlet.DispatcherServlet.doDispatch(DispatcherServlet.java:1040)
	at org.springframework.web.servlet.DispatcherServlet.doService(DispatcherServlet.java:943)
	at org.springframework.web.servlet.FrameworkServlet.processRequest(FrameworkServlet.java:1006)
	at org.springframework.web.servlet.FrameworkServlet.doGet(FrameworkServlet.java:898)
	at javax.servlet.http.HttpServlet.service(HttpServlet.java:503)
	at org.springframework.web.servlet.FrameworkServlet.service(FrameworkServlet.java:883)
	at javax.servlet.http.HttpServlet.service(HttpServlet.java:590)
	at io.undertow.servlet.handlers.ServletHandler.handleRequest(ServletHandler.java:74)
	at io.undertow.servlet.handlers.FilterHandler$FilterChainImpl.doFilter(FilterHandler.java:129)
	at org.springframework.web.filter.OncePerRequestFilter.doFilter(OncePerRequestFilter.java:113)
	at io.undertow.servlet.core.ManagedFilter.doFilter(ManagedFilter.java:61)
	at io.undertow.servlet.handlers.FilterHandler$FilterChainImpl.doFilter(FilterHandler.java:131)
	at org.springframework.security.web.FilterChainProxy$VirtualFilterChain.doFilter(FilterChainProxy.java:320)
	at org.springframework.security.web.access.intercept.FilterSecurityInterceptor.invoke(FilterSecurityInterceptor.java:126)
	at org.springframework.security.web.access.intercept.FilterSecurityInterceptor.doFilter(FilterSecurityInterceptor.java:90)
	at org.springframework.security.web.FilterChainProxy$VirtualFilterChain.doFilter(FilterChainProxy.java:334)
	at org.springframework.security.web.access.ExceptionTranslationFilter.doFilter(ExceptionTranslationFilter.java:118)
	at org.springframework.security.web.FilterChainProxy$VirtualFilterChain.doFilter(FilterChainProxy.java:334)
	at org.springframework.security.web.session.SessionManagementFilter.doFilter(SessionManagementFilter.java:137)
	at org.springframework.security.web.FilterChainProxy$VirtualFilterChain.doFilter(FilterChainProxy.java:334)
	at org.springframework.security.web.authentication.AnonymousAuthenticationFilter.doFilter(AnonymousAuthenticationFilter.java:111)
	at org.springframework.security.web.FilterChainProxy$VirtualFilterChain.doFilter(FilterChainProxy.java:334)
	at org.springframework.security.web.servletapi.SecurityContextHolderAwareRequestFilter.doFilter(SecurityContextHolderAwareRequestFilter.java:158)
	at org.springframework.security.web.FilterChainProxy$VirtualFilterChain.doFilter(FilterChainProxy.java:334)
	at org.springframework.security.web.savedrequest.RequestCacheAwareFilter.doFilter(RequestCacheAwareFilter.java:63)
	at org.springframework.security.web.FilterChainProxy$VirtualFilterChain.doFilter(FilterChainProxy.java:334)
	at com.iotinall.framework.modules.security.handler.AuthorizationTokenFilter.doFilterInternal(AuthorizationTokenFilter.java:54)
	at org.springframework.web.filter.OncePerRequestFilter.doFilter(OncePerRequestFilter.java:119)
	at org.springframework.security.web.FilterChainProxy$VirtualFilterChain.doFilter(FilterChainProxy.java:334)
	at org.springframework.security.web.authentication.logout.LogoutFilter.doFilter(LogoutFilter.java:116)
	at org.springframework.security.web.FilterChainProxy$VirtualFilterChain.doFilter(FilterChainProxy.java:334)
	at org.springframework.security.web.header.HeaderWriterFilter.doHeadersAfter(HeaderWriterFilter.java:92)
	at org.springframework.security.web.header.HeaderWriterFilter.doFilterInternal(HeaderWriterFilter.java:77)
	at org.springframework.web.filter.OncePerRequestFilter.doFilter(OncePerRequestFilter.java:119)
	at org.springframework.security.web.FilterChainProxy$VirtualFilterChain.doFilter(FilterChainProxy.java:334)
	at org.springframework.security.web.context.SecurityContextPersistenceFilter.doFilter(SecurityContextPersistenceFilter.java:105)
	at org.springframework.security.web.FilterChainProxy$VirtualFilterChain.doFilter(FilterChainProxy.java:334)
	at org.springframework.security.web.context.request.async.WebAsyncManagerIntegrationFilter.doFilterInternal(WebAsyncManagerIntegrationFilter.java:56)
	at org.springframework.web.filter.OncePerRequestFilter.doFilter(OncePerRequestFilter.java:119)
	at org.springframework.security.web.FilterChainProxy$VirtualFilterChain.doFilter(FilterChainProxy.java:334)
	at org.springframework.security.web.FilterChainProxy.doFilterInternal(FilterChainProxy.java:215)
	at org.springframework.security.web.FilterChainProxy.doFilter(FilterChainProxy.java:178)
	at org.springframework.web.filter.DelegatingFilterProxy.invokeDelegate(DelegatingFilterProxy.java:358)
	at org.springframework.web.filter.DelegatingFilterProxy.doFilter(DelegatingFilterProxy.java:271)
	at io.undertow.servlet.core.ManagedFilter.doFilter(ManagedFilter.java:61)
	at io.undertow.servlet.handlers.FilterHandler$FilterChainImpl.doFilter(FilterHandler.java:131)
	at org.springframework.web.filter.RequestContextFilter.doFilterInternal(RequestContextFilter.java:100)
	at org.springframework.web.filter.OncePerRequestFilter.doFilter(OncePerRequestFilter.java:119)
	at io.undertow.servlet.core.ManagedFilter.doFilter(ManagedFilter.java:61)
	at io.undertow.servlet.handlers.FilterHandler$FilterChainImpl.doFilter(FilterHandler.java:131)
	at org.springframework.web.filter.FormContentFilter.doFilterInternal(FormContentFilter.java:93)
	at org.springframework.web.filter.OncePerRequestFilter.doFilter(OncePerRequestFilter.java:119)
	at io.undertow.servlet.core.ManagedFilter.doFilter(ManagedFilter.java:61)
	at io.undertow.servlet.handlers.FilterHandler$FilterChainImpl.doFilter(FilterHandler.java:131)
	at org.springframework.web.filter.CharacterEncodingFilter.doFilterInternal(CharacterEncodingFilter.java:201)
	at org.springframework.web.filter.OncePerRequestFilter.doFilter(OncePerRequestFilter.java:119)
	at io.undertow.servlet.core.ManagedFilter.doFilter(ManagedFilter.java:61)
	at io.undertow.servlet.handlers.FilterHandler$FilterChainImpl.doFilter(FilterHandler.java:131)
	at io.undertow.servlet.handlers.FilterHandler.handleRequest(FilterHandler.java:84)
	at io.undertow.servlet.handlers.security.ServletSecurityRoleHandler.handleRequest(ServletSecurityRoleHandler.java:62)
	at io.undertow.servlet.handlers.ServletChain$1.handleRequest(ServletChain.java:68)
	at io.undertow.servlet.handlers.ServletDispatchingHandler.handleRequest(ServletDispatchingHandler.java:36)
	at io.undertow.servlet.handlers.RedirectDirHandler.handleRequest(RedirectDirHandler.java:68)
	at io.undertow.servlet.handlers.security.SSLInformationAssociationHandler.handleRequest(SSLInformationAssociationHandler.java:132)
	at io.undertow.servlet.handlers.security.ServletAuthenticationCallHandler.handleRequest(ServletAuthenticationCallHandler.java:57)
	at io.undertow.server.handlers.PredicateHandler.handleRequest(PredicateHandler.java:43)
	at io.undertow.security.handlers.AbstractConfidentialityHandler.handleRequest(AbstractConfidentialityHandler.java:46)
	at io.undertow.servlet.handlers.security.ServletConfidentialityConstraintHandler.handleRequest(ServletConfidentialityConstraintHandler.java:64)
	at io.undertow.security.handlers.AuthenticationMechanismsHandler.handleRequest(AuthenticationMechanismsHandler.java:60)
	at io.undertow.servlet.handlers.security.CachedAuthenticatedSessionHandler.handleRequest(CachedAuthenticatedSessionHandler.java:77)
	at io.undertow.security.handlers.AbstractSecurityContextAssociationHandler.handleRequest(AbstractSecurityContextAssociationHandler.java:43)
	at io.undertow.server.handlers.PredicateHandler.handleRequest(PredicateHandler.java:43)
	at io.undertow.server.handlers.PredicateHandler.handleRequest(PredicateHandler.java:43)
	at io.undertow.servlet.handlers.ServletInitialHandler.handleFirstRequest(ServletInitialHandler.java:269)
	at io.undertow.servlet.handlers.ServletInitialHandler.access$100(ServletInitialHandler.java:78)
	at io.undertow.servlet.handlers.ServletInitialHandler$2.call(ServletInitialHandler.java:133)
	at io.undertow.servlet.handlers.ServletInitialHandler$2.call(ServletInitialHandler.java:130)
	at io.undertow.servlet.core.ServletRequestContextThreadSetupAction$1.call(ServletRequestContextThreadSetupAction.java:48)
	at io.undertow.servlet.core.ContextClassLoaderSetupAction$1.call(ContextClassLoaderSetupAction.java:43)
	at io.undertow.servlet.handlers.ServletInitialHandler.dispatchRequest(ServletInitialHandler.java:249)
	at io.undertow.servlet.handlers.ServletInitialHandler.access$000(ServletInitialHandler.java:78)
	at io.undertow.servlet.handlers.ServletInitialHandler$1.handleRequest(ServletInitialHandler.java:99)
	at io.undertow.server.Connectors.executeRootHandler(Connectors.java:376)
	at io.undertow.server.HttpServerExchange$1.run(HttpServerExchange.java:830)
	at java.util.concurrent.ThreadPoolExecutor.runWorker(ThreadPoolExecutor.java:1142)
	at java.util.concurrent.ThreadPoolExecutor$Worker.run(ThreadPoolExecutor.java:617)
	at java.lang.Thread.run(Thread.java:745)
2021-12-09 17:34:18.504 [XNIO-1 task-40] ERROR c.i.f.handler.RestControllerExceptionHandler - invocation http://192.168.101.123:6565/sys_role/update_permissions error
org.springframework.web.bind.MissingServletRequestParameterException: Required List parameter 'permissions' is not present
	at org.springframework.web.method.annotation.RequestParamMethodArgumentResolver.handleMissingValue(RequestParamMethodArgumentResolver.java:204)
	at org.springframework.web.method.annotation.AbstractNamedValueMethodArgumentResolver.resolveArgument(AbstractNamedValueMethodArgumentResolver.java:114)
	at org.springframework.web.method.support.HandlerMethodArgumentResolverComposite.resolveArgument(HandlerMethodArgumentResolverComposite.java:121)
	at org.springframework.web.method.support.InvocableHandlerMethod.getMethodArgumentValues(InvocableHandlerMethod.java:167)
	at org.springframework.web.method.support.InvocableHandlerMethod.invokeForRequest(InvocableHandlerMethod.java:134)
	at org.springframework.web.servlet.mvc.method.annotation.ServletInvocableHandlerMethod.invokeAndHandle(ServletInvocableHandlerMethod.java:106)
	at org.springframework.web.servlet.mvc.method.annotation.RequestMappingHandlerAdapter.invokeHandlerMethod(RequestMappingHandlerAdapter.java:888)
	at org.springframework.web.servlet.mvc.method.annotation.RequestMappingHandlerAdapter.handleInternal(RequestMappingHandlerAdapter.java:793)
	at org.springframework.web.servlet.mvc.method.AbstractHandlerMethodAdapter.handle(AbstractHandlerMethodAdapter.java:87)
	at org.springframework.web.servlet.DispatcherServlet.doDispatch(DispatcherServlet.java:1040)
	at org.springframework.web.servlet.DispatcherServlet.doService(DispatcherServlet.java:943)
	at org.springframework.web.servlet.FrameworkServlet.processRequest(FrameworkServlet.java:1006)
	at org.springframework.web.servlet.FrameworkServlet.doPost(FrameworkServlet.java:909)
	at javax.servlet.http.HttpServlet.service(HttpServlet.java:523)
	at org.springframework.web.servlet.FrameworkServlet.service(FrameworkServlet.java:883)
	at javax.servlet.http.HttpServlet.service(HttpServlet.java:590)
	at io.undertow.servlet.handlers.ServletHandler.handleRequest(ServletHandler.java:74)
	at io.undertow.servlet.handlers.FilterHandler$FilterChainImpl.doFilter(FilterHandler.java:129)
	at org.springframework.web.filter.OncePerRequestFilter.doFilter(OncePerRequestFilter.java:113)
	at io.undertow.servlet.core.ManagedFilter.doFilter(ManagedFilter.java:61)
	at io.undertow.servlet.handlers.FilterHandler$FilterChainImpl.doFilter(FilterHandler.java:131)
	at org.springframework.security.web.FilterChainProxy$VirtualFilterChain.doFilter(FilterChainProxy.java:320)
	at org.springframework.security.web.access.intercept.FilterSecurityInterceptor.invoke(FilterSecurityInterceptor.java:126)
	at org.springframework.security.web.access.intercept.FilterSecurityInterceptor.doFilter(FilterSecurityInterceptor.java:90)
	at org.springframework.security.web.FilterChainProxy$VirtualFilterChain.doFilter(FilterChainProxy.java:334)
	at org.springframework.security.web.access.ExceptionTranslationFilter.doFilter(ExceptionTranslationFilter.java:118)
	at org.springframework.security.web.FilterChainProxy$VirtualFilterChain.doFilter(FilterChainProxy.java:334)
	at org.springframework.security.web.session.SessionManagementFilter.doFilter(SessionManagementFilter.java:137)
	at org.springframework.security.web.FilterChainProxy$VirtualFilterChain.doFilter(FilterChainProxy.java:334)
	at org.springframework.security.web.authentication.AnonymousAuthenticationFilter.doFilter(AnonymousAuthenticationFilter.java:111)
	at org.springframework.security.web.FilterChainProxy$VirtualFilterChain.doFilter(FilterChainProxy.java:334)
	at org.springframework.security.web.servletapi.SecurityContextHolderAwareRequestFilter.doFilter(SecurityContextHolderAwareRequestFilter.java:158)
	at org.springframework.security.web.FilterChainProxy$VirtualFilterChain.doFilter(FilterChainProxy.java:334)
	at org.springframework.security.web.savedrequest.RequestCacheAwareFilter.doFilter(RequestCacheAwareFilter.java:63)
	at org.springframework.security.web.FilterChainProxy$VirtualFilterChain.doFilter(FilterChainProxy.java:334)
	at com.iotinall.framework.modules.security.handler.AuthorizationTokenFilter.doFilterInternal(AuthorizationTokenFilter.java:54)
	at org.springframework.web.filter.OncePerRequestFilter.doFilter(OncePerRequestFilter.java:119)
	at org.springframework.security.web.FilterChainProxy$VirtualFilterChain.doFilter(FilterChainProxy.java:334)
	at org.springframework.security.web.authentication.logout.LogoutFilter.doFilter(LogoutFilter.java:116)
	at org.springframework.security.web.FilterChainProxy$VirtualFilterChain.doFilter(FilterChainProxy.java:334)
	at org.springframework.security.web.header.HeaderWriterFilter.doHeadersAfter(HeaderWriterFilter.java:92)
	at org.springframework.security.web.header.HeaderWriterFilter.doFilterInternal(HeaderWriterFilter.java:77)
	at org.springframework.web.filter.OncePerRequestFilter.doFilter(OncePerRequestFilter.java:119)
	at org.springframework.security.web.FilterChainProxy$VirtualFilterChain.doFilter(FilterChainProxy.java:334)
	at org.springframework.security.web.context.SecurityContextPersistenceFilter.doFilter(SecurityContextPersistenceFilter.java:105)
	at org.springframework.security.web.FilterChainProxy$VirtualFilterChain.doFilter(FilterChainProxy.java:334)
	at org.springframework.security.web.context.request.async.WebAsyncManagerIntegrationFilter.doFilterInternal(WebAsyncManagerIntegrationFilter.java:56)
	at org.springframework.web.filter.OncePerRequestFilter.doFilter(OncePerRequestFilter.java:119)
	at org.springframework.security.web.FilterChainProxy$VirtualFilterChain.doFilter(FilterChainProxy.java:334)
	at org.springframework.security.web.FilterChainProxy.doFilterInternal(FilterChainProxy.java:215)
	at org.springframework.security.web.FilterChainProxy.doFilter(FilterChainProxy.java:178)
	at org.springframework.web.filter.DelegatingFilterProxy.invokeDelegate(DelegatingFilterProxy.java:358)
	at org.springframework.web.filter.DelegatingFilterProxy.doFilter(DelegatingFilterProxy.java:271)
	at io.undertow.servlet.core.ManagedFilter.doFilter(ManagedFilter.java:61)
	at io.undertow.servlet.handlers.FilterHandler$FilterChainImpl.doFilter(FilterHandler.java:131)
	at org.springframework.web.filter.RequestContextFilter.doFilterInternal(RequestContextFilter.java:100)
	at org.springframework.web.filter.OncePerRequestFilter.doFilter(OncePerRequestFilter.java:119)
	at io.undertow.servlet.core.ManagedFilter.doFilter(ManagedFilter.java:61)
	at io.undertow.servlet.handlers.FilterHandler$FilterChainImpl.doFilter(FilterHandler.java:131)
	at org.springframework.web.filter.FormContentFilter.doFilterInternal(FormContentFilter.java:93)
	at org.springframework.web.filter.OncePerRequestFilter.doFilter(OncePerRequestFilter.java:119)
	at io.undertow.servlet.core.ManagedFilter.doFilter(ManagedFilter.java:61)
	at io.undertow.servlet.handlers.FilterHandler$FilterChainImpl.doFilter(FilterHandler.java:131)
	at org.springframework.web.filter.CharacterEncodingFilter.doFilterInternal(CharacterEncodingFilter.java:201)
	at org.springframework.web.filter.OncePerRequestFilter.doFilter(OncePerRequestFilter.java:119)
	at io.undertow.servlet.core.ManagedFilter.doFilter(ManagedFilter.java:61)
	at io.undertow.servlet.handlers.FilterHandler$FilterChainImpl.doFilter(FilterHandler.java:131)
	at io.undertow.servlet.handlers.FilterHandler.handleRequest(FilterHandler.java:84)
	at io.undertow.servlet.handlers.security.ServletSecurityRoleHandler.handleRequest(ServletSecurityRoleHandler.java:62)
	at io.undertow.servlet.handlers.ServletChain$1.handleRequest(ServletChain.java:68)
	at io.undertow.servlet.handlers.ServletDispatchingHandler.handleRequest(ServletDispatchingHandler.java:36)
	at io.undertow.servlet.handlers.RedirectDirHandler.handleRequest(RedirectDirHandler.java:68)
	at io.undertow.servlet.handlers.security.SSLInformationAssociationHandler.handleRequest(SSLInformationAssociationHandler.java:132)
	at io.undertow.servlet.handlers.security.ServletAuthenticationCallHandler.handleRequest(ServletAuthenticationCallHandler.java:57)
	at io.undertow.server.handlers.PredicateHandler.handleRequest(PredicateHandler.java:43)
	at io.undertow.security.handlers.AbstractConfidentialityHandler.handleRequest(AbstractConfidentialityHandler.java:46)
	at io.undertow.servlet.handlers.security.ServletConfidentialityConstraintHandler.handleRequest(ServletConfidentialityConstraintHandler.java:64)
	at io.undertow.security.handlers.AuthenticationMechanismsHandler.handleRequest(AuthenticationMechanismsHandler.java:60)
	at io.undertow.servlet.handlers.security.CachedAuthenticatedSessionHandler.handleRequest(CachedAuthenticatedSessionHandler.java:77)
	at io.undertow.security.handlers.AbstractSecurityContextAssociationHandler.handleRequest(AbstractSecurityContextAssociationHandler.java:43)
	at io.undertow.server.handlers.PredicateHandler.handleRequest(PredicateHandler.java:43)
	at io.undertow.server.handlers.PredicateHandler.handleRequest(PredicateHandler.java:43)
	at io.undertow.servlet.handlers.ServletInitialHandler.handleFirstRequest(ServletInitialHandler.java:269)
	at io.undertow.servlet.handlers.ServletInitialHandler.access$100(ServletInitialHandler.java:78)
	at io.undertow.servlet.handlers.ServletInitialHandler$2.call(ServletInitialHandler.java:133)
	at io.undertow.servlet.handlers.ServletInitialHandler$2.call(ServletInitialHandler.java:130)
	at io.undertow.servlet.core.ServletRequestContextThreadSetupAction$1.call(ServletRequestContextThreadSetupAction.java:48)
	at io.undertow.servlet.core.ContextClassLoaderSetupAction$1.call(ContextClassLoaderSetupAction.java:43)
	at io.undertow.servlet.handlers.ServletInitialHandler.dispatchRequest(ServletInitialHandler.java:249)
	at io.undertow.servlet.handlers.ServletInitialHandler.access$000(ServletInitialHandler.java:78)
	at io.undertow.servlet.handlers.ServletInitialHandler$1.handleRequest(ServletInitialHandler.java:99)
	at io.undertow.server.Connectors.executeRootHandler(Connectors.java:376)
	at io.undertow.server.HttpServerExchange$1.run(HttpServerExchange.java:830)
	at java.util.concurrent.ThreadPoolExecutor.runWorker(ThreadPoolExecutor.java:1142)
	at java.util.concurrent.ThreadPoolExecutor$Worker.run(ThreadPoolExecutor.java:617)
	at java.lang.Thread.run(Thread.java:745)
