2021-12-06 09:56:06.062 [main] INFO  com.iotinall.framework.MybatisPlusFrameworkApplication - Starting MybatisPlusFrameworkApplication on WINDOWS-GLCDS9G with PID 4864 (D:\project\project-architecture\framework\mybatisplus-framework\build\classes\java\main started by EDZ in D:\project\project-architecture\framework\mybatisplus-framework)
2021-12-06 09:56:06.067 [main] INFO  com.iotinall.framework.MybatisPlusFrameworkApplication - The following profiles are active: local
2021-12-06 09:56:06.825 [main] INFO  org.springframework.data.repository.config.RepositoryConfigurationDelegate - Multiple Spring Data modules found, entering strict repository configuration mode!
2021-12-06 09:56:06.828 [main] INFO  org.springframework.data.repository.config.RepositoryConfigurationDelegate - Bootstrapping Spring Data Redis repositories in DEFAULT mode.
2021-12-06 09:56:06.906 [main] INFO  org.springframework.data.repository.config.RepositoryConfigurationDelegate - Finished Spring Data repository scanning in 63ms. Found 0 Redis repository interfaces.
2021-12-06 09:56:07.374 [main] INFO  org.springframework.context.support.PostProcessorRegistrationDelegate$BeanPostProcessorChecker - Bean 'redisConfiguration' of type [com.iotinall.framework.configuration.RedisConfiguration$$EnhancerBySpringCGLIB$$37c99560] is not eligible for getting processed by all BeanPostProcessors (for example: not eligible for auto-proxying)
2021-12-06 09:56:07.385 [main] INFO  org.springframework.context.support.PostProcessorRegistrationDelegate$BeanPostProcessorChecker - Bean 'org.springframework.security.config.annotation.configuration.ObjectPostProcessorConfiguration' of type [org.springframework.security.config.annotation.configuration.ObjectPostProcessorConfiguration] is not eligible for getting processed by all BeanPostProcessors (for example: not eligible for auto-proxying)
2021-12-06 09:56:07.390 [main] INFO  org.springframework.context.support.PostProcessorRegistrationDelegate$BeanPostProcessorChecker - Bean 'org.springframework.transaction.annotation.ProxyTransactionManagementConfiguration' of type [org.springframework.transaction.annotation.ProxyTransactionManagementConfiguration] is not eligible for getting processed by all BeanPostProcessors (for example: not eligible for auto-proxying)
2021-12-06 09:56:07.518 [main] INFO  org.springframework.context.support.PostProcessorRegistrationDelegate$BeanPostProcessorChecker - Bean 'objectPostProcessor' of type [org.springframework.security.config.annotation.configuration.AutowireBeanFactoryObjectPostProcessor] is not eligible for getting processed by all BeanPostProcessors (for example: not eligible for auto-proxying)
2021-12-06 09:56:07.520 [main] INFO  org.springframework.context.support.PostProcessorRegistrationDelegate$BeanPostProcessorChecker - Bean 'org.springframework.security.access.expression.method.DefaultMethodSecurityExpressionHandler@68c9e023' of type [org.springframework.security.access.expression.method.DefaultMethodSecurityExpressionHandler] is not eligible for getting processed by all BeanPostProcessors (for example: not eligible for auto-proxying)
2021-12-06 09:56:07.522 [main] INFO  org.springframework.context.support.PostProcessorRegistrationDelegate$BeanPostProcessorChecker - Bean 'org.springframework.security.config.annotation.method.configuration.GlobalMethodSecurityConfiguration' of type [org.springframework.security.config.annotation.method.configuration.GlobalMethodSecurityConfiguration] is not eligible for getting processed by all BeanPostProcessors (for example: not eligible for auto-proxying)
2021-12-06 09:56:07.525 [main] INFO  org.springframework.context.support.PostProcessorRegistrationDelegate$BeanPostProcessorChecker - Bean 'methodSecurityMetadataSource' of type [org.springframework.security.access.method.DelegatingMethodSecurityMetadataSource] is not eligible for getting processed by all BeanPostProcessors (for example: not eligible for auto-proxying)
2021-12-06 09:56:07.921 [main] WARN  io.undertow.websockets.jsr - UT026010: Buffer pool was not set on WebSocketDeploymentInfo, the default pool will be used
2021-12-06 09:56:07.945 [main] INFO  io.undertow.servlet - Initializing Spring embedded WebApplicationContext
2021-12-06 09:56:07.945 [main] INFO  org.springframework.web.context.ContextLoader - Root WebApplicationContext: initialization completed in 1799 ms
2021-12-06 09:56:08.790 [main] INFO  com.gitee.sunchenbin.mybatis.actable.manager.handler.StartUpHandlerImpl - databaseType=mysql，开始执行mysql的处理方法
2021-12-06 09:56:08.810 [main] INFO  com.zaxxer.hikari.HikariDataSource - HikariPool-1 - Starting...
2021-12-06 09:56:08.986 [main] INFO  com.zaxxer.hikari.HikariDataSource - HikariPool-1 - Start completed.
2021-12-06 09:56:09.956 [main] INFO  org.springframework.scheduling.concurrent.ThreadPoolTaskExecutor - Initializing ExecutorService
2021-12-06 09:56:09.958 [main] INFO  org.springframework.scheduling.concurrent.ThreadPoolTaskExecutor - Initializing ExecutorService 'featureExecutor'
2021-12-06 09:56:09.961 [main] INFO  org.springframework.scheduling.concurrent.ThreadPoolTaskExecutor - Initializing ExecutorService
2021-12-06 09:56:09.961 [main] INFO  org.springframework.scheduling.concurrent.ThreadPoolTaskExecutor - Initializing ExecutorService 'asyncExecutor'
2021-12-06 09:56:09.998 [main] INFO  org.springframework.boot.autoconfigure.security.servlet.UserDetailsServiceAutoConfiguration - 

Using generated security password: cd670c04-9013-4472-938a-93702f69e296

2021-12-06 09:56:10.085 [main] INFO  org.springframework.security.web.DefaultSecurityFilterChain - Creating filter chain: any request, [org.springframework.security.web.context.request.async.WebAsyncManagerIntegrationFilter@4ec616d6, org.springframework.security.web.context.SecurityContextPersistenceFilter@79424f25, org.springframework.security.web.header.HeaderWriterFilter@6942ee48, org.springframework.security.web.authentication.logout.LogoutFilter@335896bd, com.iotinall.framework.modules.security.handler.AuthorizationTokenFilter@48cdb156, org.springframework.security.web.savedrequest.RequestCacheAwareFilter@59b1edab, org.springframework.security.web.servletapi.SecurityContextHolderAwareRequestFilter@6843fdc4, org.springframework.security.web.authentication.AnonymousAuthenticationFilter@55b45ea1, org.springframework.security.web.session.SessionManagementFilter@6abd8bcd, org.springframework.security.web.access.ExceptionTranslationFilter@49639118, org.springframework.security.web.access.intercept.FilterSecurityInterceptor@4037cdb0]
2021-12-06 09:56:10.592 [main] INFO  org.quartz.impl.StdSchedulerFactory - Using default implementation for ThreadExecutor
2021-12-06 09:56:10.612 [main] INFO  org.quartz.core.SchedulerSignalerImpl - Initialized Scheduler Signaller of type: class org.quartz.core.SchedulerSignalerImpl
2021-12-06 09:56:10.612 [main] INFO  org.quartz.core.QuartzScheduler - Quartz Scheduler v.2.3.2 created.
2021-12-06 09:56:10.613 [main] INFO  org.quartz.simpl.RAMJobStore - RAMJobStore initialized.
2021-12-06 09:56:10.613 [main] INFO  org.quartz.core.QuartzScheduler - Scheduler meta-data: Quartz Scheduler (v2.3.2) 'quartzScheduler' with instanceId 'NON_CLUSTERED'
  Scheduler class: 'org.quartz.core.QuartzScheduler' - running locally.
  NOT STARTED.
  Currently in standby mode.
  Number of jobs executed: 0
  Using thread pool 'org.quartz.simpl.SimpleThreadPool' - with 10 threads.
  Using job-store 'org.quartz.simpl.RAMJobStore' - which does not support persistence. and is not clustered.

2021-12-06 09:56:10.614 [main] INFO  org.quartz.impl.StdSchedulerFactory - Quartz scheduler 'quartzScheduler' initialized from an externally provided properties instance.
2021-12-06 09:56:10.614 [main] INFO  org.quartz.impl.StdSchedulerFactory - Quartz scheduler version: 2.3.2
2021-12-06 09:56:10.614 [main] INFO  org.quartz.core.QuartzScheduler - JobFactory set to: org.springframework.scheduling.quartz.SpringBeanJobFactory@7146c6ea
2021-12-06 09:56:10.640 [main] INFO  org.springframework.scheduling.quartz.SchedulerFactoryBean - Starting Quartz Scheduler now
2021-12-06 09:56:10.641 [main] INFO  org.quartz.core.QuartzScheduler - Scheduler quartzScheduler_$_NON_CLUSTERED started.
2021-12-06 09:56:10.659 [main] INFO  io.undertow - starting server: Undertow - 2.0.28.Final
2021-12-06 09:56:10.668 [main] INFO  org.xnio - XNIO version 3.3.8.Final
2021-12-06 09:56:10.679 [main] INFO  org.xnio.nio - XNIO NIO Implementation Version 3.3.8.Final
2021-12-06 09:56:10.764 [main] INFO  org.springframework.boot.web.embedded.undertow.UndertowServletWebServer - Undertow started on port(s) 6565 (http) with context path ''
2021-12-06 09:56:10.768 [main] INFO  com.iotinall.framework.MybatisPlusFrameworkApplication - Started MybatisPlusFrameworkApplication in 5.19 seconds (JVM running for 5.661)
