2021-11-26 14:51:22.357 [main] INFO  com.iotinall.framework.MybatisPlusFrameworkApplication - Starting MybatisPlusFrameworkApplication on WINDOWS-GLCDS9G with PID 14536 (D:\project\project-architecture\framework\mybatisplus-framework\build\classes\java\main started by EDZ in D:\project\project-architecture\framework\mybatisplus-framework)
2021-11-26 14:51:22.364 [main] INFO  com.iotinall.framework.MybatisPlusFrameworkApplication - The following profiles are active: local
2021-11-26 14:51:23.097 [main] INFO  org.springframework.data.repository.config.RepositoryConfigurationDelegate - Multiple Spring Data modules found, entering strict repository configuration mode!
2021-11-26 14:51:23.101 [main] INFO  org.springframework.data.repository.config.RepositoryConfigurationDelegate - Bootstrapping Spring Data Redis repositories in DEFAULT mode.
2021-11-26 14:51:23.181 [main] INFO  org.springframework.data.repository.config.RepositoryConfigurationDelegate - Finished Spring Data repository scanning in 60ms. Found 0 Redis repository interfaces.
2021-11-26 14:51:23.644 [main] INFO  org.springframework.context.support.PostProcessorRegistrationDelegate$BeanPostProcessorChecker - Bean 'redisConfiguration' of type [com.iotinall.framework.configuration.RedisConfiguration$$EnhancerBySpringCGLIB$$beab570a] is not eligible for getting processed by all BeanPostProcessors (for example: not eligible for auto-proxying)
2021-11-26 14:51:23.656 [main] INFO  org.springframework.context.support.PostProcessorRegistrationDelegate$BeanPostProcessorChecker - Bean 'org.springframework.security.config.annotation.configuration.ObjectPostProcessorConfiguration' of type [org.springframework.security.config.annotation.configuration.ObjectPostProcessorConfiguration] is not eligible for getting processed by all BeanPostProcessors (for example: not eligible for auto-proxying)
2021-11-26 14:51:23.661 [main] INFO  org.springframework.context.support.PostProcessorRegistrationDelegate$BeanPostProcessorChecker - Bean 'org.springframework.transaction.annotation.ProxyTransactionManagementConfiguration' of type [org.springframework.transaction.annotation.ProxyTransactionManagementConfiguration] is not eligible for getting processed by all BeanPostProcessors (for example: not eligible for auto-proxying)
2021-11-26 14:51:23.784 [main] INFO  org.springframework.context.support.PostProcessorRegistrationDelegate$BeanPostProcessorChecker - Bean 'objectPostProcessor' of type [org.springframework.security.config.annotation.configuration.AutowireBeanFactoryObjectPostProcessor] is not eligible for getting processed by all BeanPostProcessors (for example: not eligible for auto-proxying)
2021-11-26 14:51:23.787 [main] INFO  org.springframework.context.support.PostProcessorRegistrationDelegate$BeanPostProcessorChecker - Bean 'org.springframework.security.access.expression.method.DefaultMethodSecurityExpressionHandler@6003ad65' of type [org.springframework.security.access.expression.method.DefaultMethodSecurityExpressionHandler] is not eligible for getting processed by all BeanPostProcessors (for example: not eligible for auto-proxying)
2021-11-26 14:51:23.787 [main] INFO  org.springframework.context.support.PostProcessorRegistrationDelegate$BeanPostProcessorChecker - Bean 'org.springframework.security.config.annotation.method.configuration.GlobalMethodSecurityConfiguration' of type [org.springframework.security.config.annotation.method.configuration.GlobalMethodSecurityConfiguration] is not eligible for getting processed by all BeanPostProcessors (for example: not eligible for auto-proxying)
2021-11-26 14:51:23.790 [main] INFO  org.springframework.context.support.PostProcessorRegistrationDelegate$BeanPostProcessorChecker - Bean 'methodSecurityMetadataSource' of type [org.springframework.security.access.method.DelegatingMethodSecurityMetadataSource] is not eligible for getting processed by all BeanPostProcessors (for example: not eligible for auto-proxying)
2021-11-26 14:51:24.185 [main] WARN  io.undertow.websockets.jsr - UT026010: Buffer pool was not set on WebSocketDeploymentInfo, the default pool will be used
2021-11-26 14:51:24.206 [main] INFO  io.undertow.servlet - Initializing Spring embedded WebApplicationContext
2021-11-26 14:51:24.206 [main] INFO  org.springframework.web.context.ContextLoader - Root WebApplicationContext: initialization completed in 1787 ms
2021-11-26 14:51:25.017 [main] INFO  com.gitee.sunchenbin.mybatis.actable.manager.handler.StartUpHandlerImpl - databaseType=mysql，开始执行mysql的处理方法
2021-11-26 14:51:25.036 [main] INFO  com.zaxxer.hikari.HikariDataSource - HikariPool-1 - Starting...
2021-11-26 14:51:25.180 [main] INFO  com.zaxxer.hikari.HikariDataSource - HikariPool-1 - Start completed.
2021-11-26 14:51:25.431 [main] INFO  com.gitee.sunchenbin.mybatis.actable.manager.system.SysMysqlCreateTableManagerImpl - 开始创建表：sys_member_role
2021-11-26 14:51:25.491 [main] WARN  org.springframework.boot.web.servlet.context.AnnotationConfigServletWebServerApplicationContext - Exception encountered during context initialization - cancelling refresh attempt: org.springframework.beans.factory.BeanCreationException: Error creating bean with name 'startUpHandlerImpl': Invocation of init method failed; nested exception is org.springframework.jdbc.BadSqlGrammarException: 
### Error querying database.  Cause: java.sql.SQLSyntaxErrorException: Multiple primary key defined
### The error may exist in URL [jar:file:/C:/Users/EDZ/.gradle/caches/modules-2/files-2.1/com.gitee.sunchenbin.mybatis.actable/mybatis-enhance-actable/1.5.0.RELEASE/3118efc71b86d5b2c7c8edde04362c0649f13115/mybatis-enhance-actable-1.5.0.RELEASE.jar!/com/gitee/sunchenbin/mybatis/actable/mapping/system/CreateMysqlTablesMapper.xml]
### The error may involve com.gitee.sunchenbin.mybatis.actable.dao.system.CreateMysqlTablesMapper.createTable-Inline
### The error occurred while setting parameters
### SQL: create table `sys_member_role`(                        `member_id` bigint(20)                    NOT NULL                                               ,PRIMARY KEY (`member_id`)                         ,     `role_id` bigint(20)                    NOT NULL                                               ,PRIMARY KEY (`role_id`)               )         ;
### Cause: java.sql.SQLSyntaxErrorException: Multiple primary key defined
; bad SQL grammar []; nested exception is java.sql.SQLSyntaxErrorException: Multiple primary key defined
2021-11-26 14:51:25.491 [main] INFO  com.zaxxer.hikari.HikariDataSource - HikariPool-1 - Shutdown initiated...
2021-11-26 14:51:25.497 [main] INFO  com.zaxxer.hikari.HikariDataSource - HikariPool-1 - Shutdown completed.
2021-11-26 14:51:25.542 [main] INFO  org.springframework.boot.autoconfigure.logging.ConditionEvaluationReportLoggingListener - 

Error starting ApplicationContext. To display the conditions report re-run your application with 'debug' enabled.
2021-11-26 14:51:25.546 [main] ERROR org.springframework.boot.SpringApplication - Application run failed
org.springframework.beans.factory.BeanCreationException: Error creating bean with name 'startUpHandlerImpl': Invocation of init method failed; nested exception is org.springframework.jdbc.BadSqlGrammarException: 
### Error querying database.  Cause: java.sql.SQLSyntaxErrorException: Multiple primary key defined
### The error may exist in URL [jar:file:/C:/Users/EDZ/.gradle/caches/modules-2/files-2.1/com.gitee.sunchenbin.mybatis.actable/mybatis-enhance-actable/1.5.0.RELEASE/3118efc71b86d5b2c7c8edde04362c0649f13115/mybatis-enhance-actable-1.5.0.RELEASE.jar!/com/gitee/sunchenbin/mybatis/actable/mapping/system/CreateMysqlTablesMapper.xml]
### The error may involve com.gitee.sunchenbin.mybatis.actable.dao.system.CreateMysqlTablesMapper.createTable-Inline
### The error occurred while setting parameters
### SQL: create table `sys_member_role`(                        `member_id` bigint(20)                    NOT NULL                                               ,PRIMARY KEY (`member_id`)                         ,     `role_id` bigint(20)                    NOT NULL                                               ,PRIMARY KEY (`role_id`)               )         ;
### Cause: java.sql.SQLSyntaxErrorException: Multiple primary key defined
; bad SQL grammar []; nested exception is java.sql.SQLSyntaxErrorException: Multiple primary key defined
	at org.springframework.beans.factory.annotation.InitDestroyAnnotationBeanPostProcessor.postProcessBeforeInitialization(InitDestroyAnnotationBeanPostProcessor.java:160)
	at org.springframework.beans.factory.support.AbstractAutowireCapableBeanFactory.applyBeanPostProcessorsBeforeInitialization(AbstractAutowireCapableBeanFactory.java:416)
	at org.springframework.beans.factory.support.AbstractAutowireCapableBeanFactory.initializeBean(AbstractAutowireCapableBeanFactory.java:1788)
	at org.springframework.beans.factory.support.AbstractAutowireCapableBeanFactory.doCreateBean(AbstractAutowireCapableBeanFactory.java:595)
	at org.springframework.beans.factory.support.AbstractAutowireCapableBeanFactory.createBean(AbstractAutowireCapableBeanFactory.java:517)
	at org.springframework.beans.factory.support.AbstractBeanFactory.lambda$doGetBean$0(AbstractBeanFactory.java:323)
	at org.springframework.beans.factory.support.DefaultSingletonBeanRegistry.getSingleton(DefaultSingletonBeanRegistry.java:222)
	at org.springframework.beans.factory.support.AbstractBeanFactory.doGetBean(AbstractBeanFactory.java:321)
	at org.springframework.beans.factory.support.AbstractBeanFactory.getBean(AbstractBeanFactory.java:202)
	at org.springframework.beans.factory.support.DefaultListableBeanFactory.preInstantiateSingletons(DefaultListableBeanFactory.java:879)
	at org.springframework.context.support.AbstractApplicationContext.finishBeanFactoryInitialization(AbstractApplicationContext.java:878)
	at org.springframework.context.support.AbstractApplicationContext.refresh(AbstractApplicationContext.java:550)
	at org.springframework.boot.web.servlet.context.ServletWebServerApplicationContext.refresh(ServletWebServerApplicationContext.java:141)
	at org.springframework.boot.SpringApplication.refresh(SpringApplication.java:747)
	at org.springframework.boot.SpringApplication.refreshContext(SpringApplication.java:397)
	at org.springframework.boot.SpringApplication.run(SpringApplication.java:315)
	at org.springframework.boot.SpringApplication.run(SpringApplication.java:1226)
	at org.springframework.boot.SpringApplication.run(SpringApplication.java:1215)
	at com.iotinall.framework.MybatisPlusFrameworkApplication.main(MybatisPlusFrameworkApplication.java:17)
Caused by: org.springframework.jdbc.BadSqlGrammarException: 
### Error querying database.  Cause: java.sql.SQLSyntaxErrorException: Multiple primary key defined
### The error may exist in URL [jar:file:/C:/Users/EDZ/.gradle/caches/modules-2/files-2.1/com.gitee.sunchenbin.mybatis.actable/mybatis-enhance-actable/1.5.0.RELEASE/3118efc71b86d5b2c7c8edde04362c0649f13115/mybatis-enhance-actable-1.5.0.RELEASE.jar!/com/gitee/sunchenbin/mybatis/actable/mapping/system/CreateMysqlTablesMapper.xml]
### The error may involve com.gitee.sunchenbin.mybatis.actable.dao.system.CreateMysqlTablesMapper.createTable-Inline
### The error occurred while setting parameters
### SQL: create table `sys_member_role`(                        `member_id` bigint(20)                    NOT NULL                                               ,PRIMARY KEY (`member_id`)                         ,     `role_id` bigint(20)                    NOT NULL                                               ,PRIMARY KEY (`role_id`)               )         ;
### Cause: java.sql.SQLSyntaxErrorException: Multiple primary key defined
; bad SQL grammar []; nested exception is java.sql.SQLSyntaxErrorException: Multiple primary key defined
	at org.springframework.jdbc.support.SQLExceptionSubclassTranslator.doTranslate(SQLExceptionSubclassTranslator.java:93)
	at org.springframework.jdbc.support.AbstractFallbackSQLExceptionTranslator.translate(AbstractFallbackSQLExceptionTranslator.java:72)
	at org.springframework.jdbc.support.AbstractFallbackSQLExceptionTranslator.translate(AbstractFallbackSQLExceptionTranslator.java:81)
	at org.mybatis.spring.MyBatisExceptionTranslator.translateExceptionIfPossible(MyBatisExceptionTranslator.java:88)
	at org.mybatis.spring.SqlSessionTemplate$SqlSessionInterceptor.invoke(SqlSessionTemplate.java:440)
	at com.sun.proxy.$Proxy79.selectOne(Unknown Source)
	at org.mybatis.spring.SqlSessionTemplate.selectOne(SqlSessionTemplate.java:159)
	at com.baomidou.mybatisplus.core.override.MybatisMapperMethod.execute(MybatisMapperMethod.java:108)
	at com.baomidou.mybatisplus.core.override.MybatisMapperProxy.invoke(MybatisMapperProxy.java:96)
	at com.sun.proxy.$Proxy82.createTable(Unknown Source)
	at com.gitee.sunchenbin.mybatis.actable.manager.system.SysMysqlCreateTableManagerImpl.createTableByMap(SysMysqlCreateTableManagerImpl.java:922)
	at com.gitee.sunchenbin.mybatis.actable.manager.system.SysMysqlCreateTableManagerImpl.createOrModifyTableConstruct(SysMysqlCreateTableManagerImpl.java:700)
	at com.gitee.sunchenbin.mybatis.actable.manager.system.SysMysqlCreateTableManagerImpl.createMysqlTable(SysMysqlCreateTableManagerImpl.java:115)
	at com.gitee.sunchenbin.mybatis.actable.manager.system.SysMysqlCreateTableManagerImpl$$FastClassBySpringCGLIB$$ac2449f9.invoke(<generated>)
	at org.springframework.cglib.proxy.MethodProxy.invoke(MethodProxy.java:218)
	at org.springframework.aop.framework.CglibAopProxy$CglibMethodInvocation.invokeJoinpoint(CglibAopProxy.java:769)
	at org.springframework.aop.framework.ReflectiveMethodInvocation.proceed(ReflectiveMethodInvocation.java:163)
	at org.springframework.aop.framework.CglibAopProxy$CglibMethodInvocation.proceed(CglibAopProxy.java:747)
	at org.springframework.transaction.interceptor.TransactionAspectSupport.invokeWithinTransaction(TransactionAspectSupport.java:366)
	at org.springframework.transaction.interceptor.TransactionInterceptor.invoke(TransactionInterceptor.java:99)
	at org.springframework.aop.framework.ReflectiveMethodInvocation.proceed(ReflectiveMethodInvocation.java:186)
	at org.springframework.aop.framework.CglibAopProxy$CglibMethodInvocation.proceed(CglibAopProxy.java:747)
	at org.springframework.aop.framework.CglibAopProxy$DynamicAdvisedInterceptor.intercept(CglibAopProxy.java:689)
	at com.gitee.sunchenbin.mybatis.actable.manager.system.SysMysqlCreateTableManagerImpl$$EnhancerBySpringCGLIB$$215c5bc9.createMysqlTable(<generated>)
	at com.gitee.sunchenbin.mybatis.actable.manager.handler.StartUpHandlerImpl.startHandler(StartUpHandlerImpl.java:55)
	at sun.reflect.NativeMethodAccessorImpl.invoke0(Native Method)
	at sun.reflect.NativeMethodAccessorImpl.invoke(NativeMethodAccessorImpl.java:62)
	at sun.reflect.DelegatingMethodAccessorImpl.invoke(DelegatingMethodAccessorImpl.java:43)
	at java.lang.reflect.Method.invoke(Method.java:498)
	at org.springframework.beans.factory.annotation.InitDestroyAnnotationBeanPostProcessor$LifecycleElement.invoke(InitDestroyAnnotationBeanPostProcessor.java:389)
	at org.springframework.beans.factory.annotation.InitDestroyAnnotationBeanPostProcessor$LifecycleMetadata.invokeInitMethods(InitDestroyAnnotationBeanPostProcessor.java:333)
	at org.springframework.beans.factory.annotation.InitDestroyAnnotationBeanPostProcessor.postProcessBeforeInitialization(InitDestroyAnnotationBeanPostProcessor.java:157)
	... 18 common frames omitted
Caused by: java.sql.SQLSyntaxErrorException: Multiple primary key defined
	at com.mysql.cj.jdbc.exceptions.SQLError.createSQLException(SQLError.java:120)
	at com.mysql.cj.jdbc.exceptions.SQLError.createSQLException(SQLError.java:97)
	at com.mysql.cj.jdbc.exceptions.SQLExceptionsMapping.translateException(SQLExceptionsMapping.java:122)
	at com.mysql.cj.jdbc.ClientPreparedStatement.executeInternal(ClientPreparedStatement.java:955)
	at com.mysql.cj.jdbc.ClientPreparedStatement.execute(ClientPreparedStatement.java:372)
	at com.zaxxer.hikari.pool.ProxyPreparedStatement.execute(ProxyPreparedStatement.java:44)
	at com.zaxxer.hikari.pool.HikariProxyPreparedStatement.execute(HikariProxyPreparedStatement.java)
	at org.apache.ibatis.executor.statement.PreparedStatementHandler.query(PreparedStatementHandler.java:64)
	at org.apache.ibatis.executor.statement.RoutingStatementHandler.query(RoutingStatementHandler.java:79)
	at com.baomidou.mybatisplus.core.executor.MybatisSimpleExecutor.doQuery(MybatisSimpleExecutor.java:67)
	at org.apache.ibatis.executor.BaseExecutor.queryFromDatabase(BaseExecutor.java:324)
	at org.apache.ibatis.executor.BaseExecutor.query(BaseExecutor.java:156)
	at com.baomidou.mybatisplus.core.executor.MybatisCachingExecutor.query(MybatisCachingExecutor.java:155)
	at com.baomidou.mybatisplus.core.executor.MybatisCachingExecutor.query(MybatisCachingExecutor.java:90)
	at org.apache.ibatis.session.defaults.DefaultSqlSession.selectList(DefaultSqlSession.java:147)
	at org.apache.ibatis.session.defaults.DefaultSqlSession.selectList(DefaultSqlSession.java:140)
	at org.apache.ibatis.session.defaults.DefaultSqlSession.selectOne(DefaultSqlSession.java:76)
	at sun.reflect.NativeMethodAccessorImpl.invoke0(Native Method)
	at sun.reflect.NativeMethodAccessorImpl.invoke(NativeMethodAccessorImpl.java:62)
	at sun.reflect.DelegatingMethodAccessorImpl.invoke(DelegatingMethodAccessorImpl.java:43)
	at java.lang.reflect.Method.invoke(Method.java:498)
	at org.mybatis.spring.SqlSessionTemplate$SqlSessionInterceptor.invoke(SqlSessionTemplate.java:426)
	... 45 common frames omitted
2021-11-26 15:00:43.426 [main] INFO  com.iotinall.framework.MybatisPlusFrameworkApplication - Starting MybatisPlusFrameworkApplication on WINDOWS-GLCDS9G with PID 5632 (D:\project\project-architecture\framework\mybatisplus-framework\build\classes\java\main started by EDZ in D:\project\project-architecture\framework\mybatisplus-framework)
2021-11-26 15:00:43.429 [main] INFO  com.iotinall.framework.MybatisPlusFrameworkApplication - The following profiles are active: local
2021-11-26 15:00:44.143 [main] INFO  org.springframework.data.repository.config.RepositoryConfigurationDelegate - Multiple Spring Data modules found, entering strict repository configuration mode!
2021-11-26 15:00:44.145 [main] INFO  org.springframework.data.repository.config.RepositoryConfigurationDelegate - Bootstrapping Spring Data Redis repositories in DEFAULT mode.
2021-11-26 15:00:44.225 [main] INFO  org.springframework.data.repository.config.RepositoryConfigurationDelegate - Finished Spring Data repository scanning in 65ms. Found 0 Redis repository interfaces.
2021-11-26 15:00:44.652 [main] INFO  org.springframework.context.support.PostProcessorRegistrationDelegate$BeanPostProcessorChecker - Bean 'redisConfiguration' of type [com.iotinall.framework.configuration.RedisConfiguration$$EnhancerBySpringCGLIB$$bea93b1] is not eligible for getting processed by all BeanPostProcessors (for example: not eligible for auto-proxying)
2021-11-26 15:00:44.664 [main] INFO  org.springframework.context.support.PostProcessorRegistrationDelegate$BeanPostProcessorChecker - Bean 'org.springframework.security.config.annotation.configuration.ObjectPostProcessorConfiguration' of type [org.springframework.security.config.annotation.configuration.ObjectPostProcessorConfiguration] is not eligible for getting processed by all BeanPostProcessors (for example: not eligible for auto-proxying)
2021-11-26 15:00:44.668 [main] INFO  org.springframework.context.support.PostProcessorRegistrationDelegate$BeanPostProcessorChecker - Bean 'org.springframework.transaction.annotation.ProxyTransactionManagementConfiguration' of type [org.springframework.transaction.annotation.ProxyTransactionManagementConfiguration] is not eligible for getting processed by all BeanPostProcessors (for example: not eligible for auto-proxying)
2021-11-26 15:00:44.790 [main] INFO  org.springframework.context.support.PostProcessorRegistrationDelegate$BeanPostProcessorChecker - Bean 'objectPostProcessor' of type [org.springframework.security.config.annotation.configuration.AutowireBeanFactoryObjectPostProcessor] is not eligible for getting processed by all BeanPostProcessors (for example: not eligible for auto-proxying)
2021-11-26 15:00:44.792 [main] INFO  org.springframework.context.support.PostProcessorRegistrationDelegate$BeanPostProcessorChecker - Bean 'org.springframework.security.access.expression.method.DefaultMethodSecurityExpressionHandler@6a32191e' of type [org.springframework.security.access.expression.method.DefaultMethodSecurityExpressionHandler] is not eligible for getting processed by all BeanPostProcessors (for example: not eligible for auto-proxying)
2021-11-26 15:00:44.793 [main] INFO  org.springframework.context.support.PostProcessorRegistrationDelegate$BeanPostProcessorChecker - Bean 'org.springframework.security.config.annotation.method.configuration.GlobalMethodSecurityConfiguration' of type [org.springframework.security.config.annotation.method.configuration.GlobalMethodSecurityConfiguration] is not eligible for getting processed by all BeanPostProcessors (for example: not eligible for auto-proxying)
2021-11-26 15:00:44.796 [main] INFO  org.springframework.context.support.PostProcessorRegistrationDelegate$BeanPostProcessorChecker - Bean 'methodSecurityMetadataSource' of type [org.springframework.security.access.method.DelegatingMethodSecurityMetadataSource] is not eligible for getting processed by all BeanPostProcessors (for example: not eligible for auto-proxying)
2021-11-26 15:00:45.254 [main] WARN  io.undertow.websockets.jsr - UT026010: Buffer pool was not set on WebSocketDeploymentInfo, the default pool will be used
2021-11-26 15:00:45.275 [main] INFO  io.undertow.servlet - Initializing Spring embedded WebApplicationContext
2021-11-26 15:00:45.275 [main] INFO  org.springframework.web.context.ContextLoader - Root WebApplicationContext: initialization completed in 1776 ms
2021-11-26 15:00:46.045 [main] INFO  com.gitee.sunchenbin.mybatis.actable.manager.handler.StartUpHandlerImpl - databaseType=mysql，开始执行mysql的处理方法
2021-11-26 15:00:46.063 [main] INFO  com.zaxxer.hikari.HikariDataSource - HikariPool-1 - Starting...
2021-11-26 15:00:46.207 [main] INFO  com.zaxxer.hikari.HikariDataSource - HikariPool-1 - Start completed.
2021-11-26 15:00:46.362 [main] INFO  com.gitee.sunchenbin.mybatis.actable.manager.system.SysMysqlCreateTableManagerImpl - 开始创建表：sys_member_role
2021-11-26 15:00:46.425 [main] WARN  org.springframework.boot.web.servlet.context.AnnotationConfigServletWebServerApplicationContext - Exception encountered during context initialization - cancelling refresh attempt: org.springframework.beans.factory.BeanCreationException: Error creating bean with name 'startUpHandlerImpl': Invocation of init method failed; nested exception is org.springframework.jdbc.BadSqlGrammarException: 
### Error querying database.  Cause: java.sql.SQLSyntaxErrorException: Multiple primary key defined
### The error may exist in URL [jar:file:/C:/Users/EDZ/.gradle/caches/modules-2/files-2.1/com.gitee.sunchenbin.mybatis.actable/mybatis-enhance-actable/1.5.0.RELEASE/3118efc71b86d5b2c7c8edde04362c0649f13115/mybatis-enhance-actable-1.5.0.RELEASE.jar!/com/gitee/sunchenbin/mybatis/actable/mapping/system/CreateMysqlTablesMapper.xml]
### The error may involve com.gitee.sunchenbin.mybatis.actable.dao.system.CreateMysqlTablesMapper.createTable-Inline
### The error occurred while setting parameters
### SQL: create table `sys_member_role`(                        `member_id` bigint(20)                    NOT NULL                                               ,PRIMARY KEY (`member_id`)                         ,     `role_id` bigint(20)                    NOT NULL                                               ,PRIMARY KEY (`role_id`)               )         ;
### Cause: java.sql.SQLSyntaxErrorException: Multiple primary key defined
; bad SQL grammar []; nested exception is java.sql.SQLSyntaxErrorException: Multiple primary key defined
2021-11-26 15:00:46.425 [main] INFO  com.zaxxer.hikari.HikariDataSource - HikariPool-1 - Shutdown initiated...
2021-11-26 15:00:46.431 [main] INFO  com.zaxxer.hikari.HikariDataSource - HikariPool-1 - Shutdown completed.
2021-11-26 15:00:46.485 [main] INFO  org.springframework.boot.autoconfigure.logging.ConditionEvaluationReportLoggingListener - 

Error starting ApplicationContext. To display the conditions report re-run your application with 'debug' enabled.
2021-11-26 15:00:46.488 [main] ERROR org.springframework.boot.SpringApplication - Application run failed
org.springframework.beans.factory.BeanCreationException: Error creating bean with name 'startUpHandlerImpl': Invocation of init method failed; nested exception is org.springframework.jdbc.BadSqlGrammarException: 
### Error querying database.  Cause: java.sql.SQLSyntaxErrorException: Multiple primary key defined
### The error may exist in URL [jar:file:/C:/Users/EDZ/.gradle/caches/modules-2/files-2.1/com.gitee.sunchenbin.mybatis.actable/mybatis-enhance-actable/1.5.0.RELEASE/3118efc71b86d5b2c7c8edde04362c0649f13115/mybatis-enhance-actable-1.5.0.RELEASE.jar!/com/gitee/sunchenbin/mybatis/actable/mapping/system/CreateMysqlTablesMapper.xml]
### The error may involve com.gitee.sunchenbin.mybatis.actable.dao.system.CreateMysqlTablesMapper.createTable-Inline
### The error occurred while setting parameters
### SQL: create table `sys_member_role`(                        `member_id` bigint(20)                    NOT NULL                                               ,PRIMARY KEY (`member_id`)                         ,     `role_id` bigint(20)                    NOT NULL                                               ,PRIMARY KEY (`role_id`)               )         ;
### Cause: java.sql.SQLSyntaxErrorException: Multiple primary key defined
; bad SQL grammar []; nested exception is java.sql.SQLSyntaxErrorException: Multiple primary key defined
	at org.springframework.beans.factory.annotation.InitDestroyAnnotationBeanPostProcessor.postProcessBeforeInitialization(InitDestroyAnnotationBeanPostProcessor.java:160)
	at org.springframework.beans.factory.support.AbstractAutowireCapableBeanFactory.applyBeanPostProcessorsBeforeInitialization(AbstractAutowireCapableBeanFactory.java:416)
	at org.springframework.beans.factory.support.AbstractAutowireCapableBeanFactory.initializeBean(AbstractAutowireCapableBeanFactory.java:1788)
	at org.springframework.beans.factory.support.AbstractAutowireCapableBeanFactory.doCreateBean(AbstractAutowireCapableBeanFactory.java:595)
	at org.springframework.beans.factory.support.AbstractAutowireCapableBeanFactory.createBean(AbstractAutowireCapableBeanFactory.java:517)
	at org.springframework.beans.factory.support.AbstractBeanFactory.lambda$doGetBean$0(AbstractBeanFactory.java:323)
	at org.springframework.beans.factory.support.DefaultSingletonBeanRegistry.getSingleton(DefaultSingletonBeanRegistry.java:222)
	at org.springframework.beans.factory.support.AbstractBeanFactory.doGetBean(AbstractBeanFactory.java:321)
	at org.springframework.beans.factory.support.AbstractBeanFactory.getBean(AbstractBeanFactory.java:202)
	at org.springframework.beans.factory.support.DefaultListableBeanFactory.preInstantiateSingletons(DefaultListableBeanFactory.java:879)
	at org.springframework.context.support.AbstractApplicationContext.finishBeanFactoryInitialization(AbstractApplicationContext.java:878)
	at org.springframework.context.support.AbstractApplicationContext.refresh(AbstractApplicationContext.java:550)
	at org.springframework.boot.web.servlet.context.ServletWebServerApplicationContext.refresh(ServletWebServerApplicationContext.java:141)
	at org.springframework.boot.SpringApplication.refresh(SpringApplication.java:747)
	at org.springframework.boot.SpringApplication.refreshContext(SpringApplication.java:397)
	at org.springframework.boot.SpringApplication.run(SpringApplication.java:315)
	at org.springframework.boot.SpringApplication.run(SpringApplication.java:1226)
	at org.springframework.boot.SpringApplication.run(SpringApplication.java:1215)
	at com.iotinall.framework.MybatisPlusFrameworkApplication.main(MybatisPlusFrameworkApplication.java:17)
Caused by: org.springframework.jdbc.BadSqlGrammarException: 
### Error querying database.  Cause: java.sql.SQLSyntaxErrorException: Multiple primary key defined
### The error may exist in URL [jar:file:/C:/Users/EDZ/.gradle/caches/modules-2/files-2.1/com.gitee.sunchenbin.mybatis.actable/mybatis-enhance-actable/1.5.0.RELEASE/3118efc71b86d5b2c7c8edde04362c0649f13115/mybatis-enhance-actable-1.5.0.RELEASE.jar!/com/gitee/sunchenbin/mybatis/actable/mapping/system/CreateMysqlTablesMapper.xml]
### The error may involve com.gitee.sunchenbin.mybatis.actable.dao.system.CreateMysqlTablesMapper.createTable-Inline
### The error occurred while setting parameters
### SQL: create table `sys_member_role`(                        `member_id` bigint(20)                    NOT NULL                                               ,PRIMARY KEY (`member_id`)                         ,     `role_id` bigint(20)                    NOT NULL                                               ,PRIMARY KEY (`role_id`)               )         ;
### Cause: java.sql.SQLSyntaxErrorException: Multiple primary key defined
; bad SQL grammar []; nested exception is java.sql.SQLSyntaxErrorException: Multiple primary key defined
	at org.springframework.jdbc.support.SQLExceptionSubclassTranslator.doTranslate(SQLExceptionSubclassTranslator.java:93)
	at org.springframework.jdbc.support.AbstractFallbackSQLExceptionTranslator.translate(AbstractFallbackSQLExceptionTranslator.java:72)
	at org.springframework.jdbc.support.AbstractFallbackSQLExceptionTranslator.translate(AbstractFallbackSQLExceptionTranslator.java:81)
	at org.mybatis.spring.MyBatisExceptionTranslator.translateExceptionIfPossible(MyBatisExceptionTranslator.java:88)
	at org.mybatis.spring.SqlSessionTemplate$SqlSessionInterceptor.invoke(SqlSessionTemplate.java:440)
	at com.sun.proxy.$Proxy79.selectOne(Unknown Source)
	at org.mybatis.spring.SqlSessionTemplate.selectOne(SqlSessionTemplate.java:159)
	at com.baomidou.mybatisplus.core.override.MybatisMapperMethod.execute(MybatisMapperMethod.java:108)
	at com.baomidou.mybatisplus.core.override.MybatisMapperProxy.invoke(MybatisMapperProxy.java:96)
	at com.sun.proxy.$Proxy82.createTable(Unknown Source)
	at com.gitee.sunchenbin.mybatis.actable.manager.system.SysMysqlCreateTableManagerImpl.createTableByMap(SysMysqlCreateTableManagerImpl.java:922)
	at com.gitee.sunchenbin.mybatis.actable.manager.system.SysMysqlCreateTableManagerImpl.createOrModifyTableConstruct(SysMysqlCreateTableManagerImpl.java:700)
	at com.gitee.sunchenbin.mybatis.actable.manager.system.SysMysqlCreateTableManagerImpl.createMysqlTable(SysMysqlCreateTableManagerImpl.java:115)
	at com.gitee.sunchenbin.mybatis.actable.manager.system.SysMysqlCreateTableManagerImpl$$FastClassBySpringCGLIB$$ac2449f9.invoke(<generated>)
	at org.springframework.cglib.proxy.MethodProxy.invoke(MethodProxy.java:218)
	at org.springframework.aop.framework.CglibAopProxy$CglibMethodInvocation.invokeJoinpoint(CglibAopProxy.java:769)
	at org.springframework.aop.framework.ReflectiveMethodInvocation.proceed(ReflectiveMethodInvocation.java:163)
	at org.springframework.aop.framework.CglibAopProxy$CglibMethodInvocation.proceed(CglibAopProxy.java:747)
	at org.springframework.transaction.interceptor.TransactionAspectSupport.invokeWithinTransaction(TransactionAspectSupport.java:366)
	at org.springframework.transaction.interceptor.TransactionInterceptor.invoke(TransactionInterceptor.java:99)
	at org.springframework.aop.framework.ReflectiveMethodInvocation.proceed(ReflectiveMethodInvocation.java:186)
	at org.springframework.aop.framework.CglibAopProxy$CglibMethodInvocation.proceed(CglibAopProxy.java:747)
	at org.springframework.aop.framework.CglibAopProxy$DynamicAdvisedInterceptor.intercept(CglibAopProxy.java:689)
	at com.gitee.sunchenbin.mybatis.actable.manager.system.SysMysqlCreateTableManagerImpl$$EnhancerBySpringCGLIB$$10892003.createMysqlTable(<generated>)
	at com.gitee.sunchenbin.mybatis.actable.manager.handler.StartUpHandlerImpl.startHandler(StartUpHandlerImpl.java:55)
	at sun.reflect.NativeMethodAccessorImpl.invoke0(Native Method)
	at sun.reflect.NativeMethodAccessorImpl.invoke(NativeMethodAccessorImpl.java:62)
	at sun.reflect.DelegatingMethodAccessorImpl.invoke(DelegatingMethodAccessorImpl.java:43)
	at java.lang.reflect.Method.invoke(Method.java:498)
	at org.springframework.beans.factory.annotation.InitDestroyAnnotationBeanPostProcessor$LifecycleElement.invoke(InitDestroyAnnotationBeanPostProcessor.java:389)
	at org.springframework.beans.factory.annotation.InitDestroyAnnotationBeanPostProcessor$LifecycleMetadata.invokeInitMethods(InitDestroyAnnotationBeanPostProcessor.java:333)
	at org.springframework.beans.factory.annotation.InitDestroyAnnotationBeanPostProcessor.postProcessBeforeInitialization(InitDestroyAnnotationBeanPostProcessor.java:157)
	... 18 common frames omitted
Caused by: java.sql.SQLSyntaxErrorException: Multiple primary key defined
	at com.mysql.cj.jdbc.exceptions.SQLError.createSQLException(SQLError.java:120)
	at com.mysql.cj.jdbc.exceptions.SQLError.createSQLException(SQLError.java:97)
	at com.mysql.cj.jdbc.exceptions.SQLExceptionsMapping.translateException(SQLExceptionsMapping.java:122)
	at com.mysql.cj.jdbc.ClientPreparedStatement.executeInternal(ClientPreparedStatement.java:955)
	at com.mysql.cj.jdbc.ClientPreparedStatement.execute(ClientPreparedStatement.java:372)
	at com.zaxxer.hikari.pool.ProxyPreparedStatement.execute(ProxyPreparedStatement.java:44)
	at com.zaxxer.hikari.pool.HikariProxyPreparedStatement.execute(HikariProxyPreparedStatement.java)
	at org.apache.ibatis.executor.statement.PreparedStatementHandler.query(PreparedStatementHandler.java:64)
	at org.apache.ibatis.executor.statement.RoutingStatementHandler.query(RoutingStatementHandler.java:79)
	at com.baomidou.mybatisplus.core.executor.MybatisSimpleExecutor.doQuery(MybatisSimpleExecutor.java:67)
	at org.apache.ibatis.executor.BaseExecutor.queryFromDatabase(BaseExecutor.java:324)
	at org.apache.ibatis.executor.BaseExecutor.query(BaseExecutor.java:156)
	at com.baomidou.mybatisplus.core.executor.MybatisCachingExecutor.query(MybatisCachingExecutor.java:155)
	at com.baomidou.mybatisplus.core.executor.MybatisCachingExecutor.query(MybatisCachingExecutor.java:90)
	at org.apache.ibatis.session.defaults.DefaultSqlSession.selectList(DefaultSqlSession.java:147)
	at org.apache.ibatis.session.defaults.DefaultSqlSession.selectList(DefaultSqlSession.java:140)
	at org.apache.ibatis.session.defaults.DefaultSqlSession.selectOne(DefaultSqlSession.java:76)
	at sun.reflect.NativeMethodAccessorImpl.invoke0(Native Method)
	at sun.reflect.NativeMethodAccessorImpl.invoke(NativeMethodAccessorImpl.java:62)
	at sun.reflect.DelegatingMethodAccessorImpl.invoke(DelegatingMethodAccessorImpl.java:43)
	at java.lang.reflect.Method.invoke(Method.java:498)
	at org.mybatis.spring.SqlSessionTemplate$SqlSessionInterceptor.invoke(SqlSessionTemplate.java:426)
	... 45 common frames omitted
2021-11-26 15:12:17.770 [main] INFO  com.iotinall.framework.MybatisPlusFrameworkApplication - Starting MybatisPlusFrameworkApplication on WINDOWS-GLCDS9G with PID 10492 (D:\project\project-architecture\framework\mybatisplus-framework\build\classes\java\main started by EDZ in D:\project\project-architecture\framework\mybatisplus-framework)
2021-11-26 15:12:17.772 [main] INFO  com.iotinall.framework.MybatisPlusFrameworkApplication - The following profiles are active: local
2021-11-26 15:12:18.462 [main] INFO  org.springframework.data.repository.config.RepositoryConfigurationDelegate - Multiple Spring Data modules found, entering strict repository configuration mode!
2021-11-26 15:12:18.465 [main] INFO  org.springframework.data.repository.config.RepositoryConfigurationDelegate - Bootstrapping Spring Data Redis repositories in DEFAULT mode.
2021-11-26 15:12:18.542 [main] INFO  org.springframework.data.repository.config.RepositoryConfigurationDelegate - Finished Spring Data repository scanning in 61ms. Found 0 Redis repository interfaces.
2021-11-26 15:12:19.007 [main] INFO  org.springframework.context.support.PostProcessorRegistrationDelegate$BeanPostProcessorChecker - Bean 'redisConfiguration' of type [com.iotinall.framework.configuration.RedisConfiguration$$EnhancerBySpringCGLIB$$fd15aa9d] is not eligible for getting processed by all BeanPostProcessors (for example: not eligible for auto-proxying)
2021-11-26 15:12:19.017 [main] INFO  org.springframework.context.support.PostProcessorRegistrationDelegate$BeanPostProcessorChecker - Bean 'org.springframework.security.config.annotation.configuration.ObjectPostProcessorConfiguration' of type [org.springframework.security.config.annotation.configuration.ObjectPostProcessorConfiguration] is not eligible for getting processed by all BeanPostProcessors (for example: not eligible for auto-proxying)
2021-11-26 15:12:19.021 [main] INFO  org.springframework.context.support.PostProcessorRegistrationDelegate$BeanPostProcessorChecker - Bean 'org.springframework.transaction.annotation.ProxyTransactionManagementConfiguration' of type [org.springframework.transaction.annotation.ProxyTransactionManagementConfiguration] is not eligible for getting processed by all BeanPostProcessors (for example: not eligible for auto-proxying)
2021-11-26 15:12:19.137 [main] INFO  org.springframework.context.support.PostProcessorRegistrationDelegate$BeanPostProcessorChecker - Bean 'objectPostProcessor' of type [org.springframework.security.config.annotation.configuration.AutowireBeanFactoryObjectPostProcessor] is not eligible for getting processed by all BeanPostProcessors (for example: not eligible for auto-proxying)
2021-11-26 15:12:19.139 [main] INFO  org.springframework.context.support.PostProcessorRegistrationDelegate$BeanPostProcessorChecker - Bean 'org.springframework.security.access.expression.method.DefaultMethodSecurityExpressionHandler@16da476c' of type [org.springframework.security.access.expression.method.DefaultMethodSecurityExpressionHandler] is not eligible for getting processed by all BeanPostProcessors (for example: not eligible for auto-proxying)
2021-11-26 15:12:19.141 [main] INFO  org.springframework.context.support.PostProcessorRegistrationDelegate$BeanPostProcessorChecker - Bean 'org.springframework.security.config.annotation.method.configuration.GlobalMethodSecurityConfiguration' of type [org.springframework.security.config.annotation.method.configuration.GlobalMethodSecurityConfiguration] is not eligible for getting processed by all BeanPostProcessors (for example: not eligible for auto-proxying)
2021-11-26 15:12:19.144 [main] INFO  org.springframework.context.support.PostProcessorRegistrationDelegate$BeanPostProcessorChecker - Bean 'methodSecurityMetadataSource' of type [org.springframework.security.access.method.DelegatingMethodSecurityMetadataSource] is not eligible for getting processed by all BeanPostProcessors (for example: not eligible for auto-proxying)
2021-11-26 15:12:19.516 [main] WARN  io.undertow.websockets.jsr - UT026010: Buffer pool was not set on WebSocketDeploymentInfo, the default pool will be used
2021-11-26 15:12:19.538 [main] INFO  io.undertow.servlet - Initializing Spring embedded WebApplicationContext
2021-11-26 15:12:19.538 [main] INFO  org.springframework.web.context.ContextLoader - Root WebApplicationContext: initialization completed in 1699 ms
2021-11-26 15:12:20.332 [main] INFO  com.gitee.sunchenbin.mybatis.actable.manager.handler.StartUpHandlerImpl - databaseType=mysql，开始执行mysql的处理方法
2021-11-26 15:12:20.351 [main] INFO  com.zaxxer.hikari.HikariDataSource - HikariPool-1 - Starting...
2021-11-26 15:12:20.500 [main] INFO  com.zaxxer.hikari.HikariDataSource - HikariPool-1 - Start completed.
2021-11-26 15:12:20.651 [main] INFO  com.gitee.sunchenbin.mybatis.actable.manager.system.SysMysqlCreateTableManagerImpl - 开始创建表：sys_member_role
2021-11-26 15:12:21.452 [main] INFO  com.gitee.sunchenbin.mybatis.actable.manager.system.SysMysqlCreateTableManagerImpl - 完成创建表：sys_member_role
2021-11-26 15:12:21.452 [main] INFO  com.gitee.sunchenbin.mybatis.actable.manager.system.SysMysqlCreateTableManagerImpl - 开始创建表：sys_role
2021-11-26 15:12:22.086 [main] INFO  com.gitee.sunchenbin.mybatis.actable.manager.system.SysMysqlCreateTableManagerImpl - 完成创建表：sys_role
2021-11-26 15:12:22.086 [main] INFO  com.gitee.sunchenbin.mybatis.actable.manager.system.SysMysqlCreateTableManagerImpl - 开始创建表org_member中的索引actable_idx_work_num
2021-11-26 15:12:22.715 [main] INFO  com.gitee.sunchenbin.mybatis.actable.manager.system.SysMysqlCreateTableManagerImpl - 完成创建表org_member中的索引actable_idx_work_num
2021-11-26 15:12:22.716 [main] INFO  com.gitee.sunchenbin.mybatis.actable.manager.system.SysMysqlCreateTableManagerImpl - 开始创建表org_member中的索引actable_idx_mobile
2021-11-26 15:12:22.970 [main] INFO  com.gitee.sunchenbin.mybatis.actable.manager.system.SysMysqlCreateTableManagerImpl - 完成创建表org_member中的索引actable_idx_mobile
2021-11-26 15:12:22.971 [main] INFO  com.gitee.sunchenbin.mybatis.actable.manager.system.SysMysqlCreateTableManagerImpl - 开始创建表sys_role中的索引actable_idx_name
2021-11-26 15:12:23.163 [main] INFO  com.gitee.sunchenbin.mybatis.actable.manager.system.SysMysqlCreateTableManagerImpl - 完成创建表sys_role中的索引actable_idx_name
2021-11-26 15:12:23.163 [main] INFO  com.gitee.sunchenbin.mybatis.actable.manager.system.SysMysqlCreateTableManagerImpl - 开始创建表sys_role中的索引actable_idx_id
2021-11-26 15:12:23.378 [main] INFO  com.gitee.sunchenbin.mybatis.actable.manager.system.SysMysqlCreateTableManagerImpl - 完成创建表sys_role中的索引actable_idx_id
2021-11-26 15:12:23.380 [main] INFO  com.gitee.sunchenbin.mybatis.actable.manager.system.SysMysqlCreateTableManagerImpl - 开始创建表sys_member_role中的唯一约束actable_uni_memberId_roleId
2021-11-26 15:12:23.441 [main] WARN  org.springframework.boot.web.servlet.context.AnnotationConfigServletWebServerApplicationContext - Exception encountered during context initialization - cancelling refresh attempt: org.springframework.beans.factory.BeanCreationException: Error creating bean with name 'startUpHandlerImpl': Invocation of init method failed; nested exception is org.springframework.jdbc.BadSqlGrammarException: 
### Error querying database.  Cause: java.sql.SQLSyntaxErrorException: Key column 'memberId' doesn't exist in table
### The error may exist in URL [jar:file:/C:/Users/EDZ/.gradle/caches/modules-2/files-2.1/com.gitee.sunchenbin.mybatis.actable/mybatis-enhance-actable/1.5.0.RELEASE/3118efc71b86d5b2c7c8edde04362c0649f13115/mybatis-enhance-actable-1.5.0.RELEASE.jar!/com/gitee/sunchenbin/mybatis/actable/mapping/system/CreateMysqlTablesMapper.xml]
### The error may involve com.gitee.sunchenbin.mybatis.actable.dao.system.CreateMysqlTablesMapper.addTableUnique-Inline
### The error occurred while setting parameters
### SQL: CREATE UNIQUE INDEX actable_uni_memberId_roleId     ON `sys_member_role` (                            memberId               ,                                           roleId                          )
### Cause: java.sql.SQLSyntaxErrorException: Key column 'memberId' doesn't exist in table
; bad SQL grammar []; nested exception is java.sql.SQLSyntaxErrorException: Key column 'memberId' doesn't exist in table
2021-11-26 15:12:23.442 [main] INFO  com.zaxxer.hikari.HikariDataSource - HikariPool-1 - Shutdown initiated...
2021-11-26 15:12:23.447 [main] INFO  com.zaxxer.hikari.HikariDataSource - HikariPool-1 - Shutdown completed.
2021-11-26 15:12:23.478 [main] INFO  org.springframework.boot.autoconfigure.logging.ConditionEvaluationReportLoggingListener - 

Error starting ApplicationContext. To display the conditions report re-run your application with 'debug' enabled.
2021-11-26 15:12:23.481 [main] ERROR org.springframework.boot.SpringApplication - Application run failed
org.springframework.beans.factory.BeanCreationException: Error creating bean with name 'startUpHandlerImpl': Invocation of init method failed; nested exception is org.springframework.jdbc.BadSqlGrammarException: 
### Error querying database.  Cause: java.sql.SQLSyntaxErrorException: Key column 'memberId' doesn't exist in table
### The error may exist in URL [jar:file:/C:/Users/EDZ/.gradle/caches/modules-2/files-2.1/com.gitee.sunchenbin.mybatis.actable/mybatis-enhance-actable/1.5.0.RELEASE/3118efc71b86d5b2c7c8edde04362c0649f13115/mybatis-enhance-actable-1.5.0.RELEASE.jar!/com/gitee/sunchenbin/mybatis/actable/mapping/system/CreateMysqlTablesMapper.xml]
### The error may involve com.gitee.sunchenbin.mybatis.actable.dao.system.CreateMysqlTablesMapper.addTableUnique-Inline
### The error occurred while setting parameters
### SQL: CREATE UNIQUE INDEX actable_uni_memberId_roleId     ON `sys_member_role` (                            memberId               ,                                           roleId                          )
### Cause: java.sql.SQLSyntaxErrorException: Key column 'memberId' doesn't exist in table
; bad SQL grammar []; nested exception is java.sql.SQLSyntaxErrorException: Key column 'memberId' doesn't exist in table
	at org.springframework.beans.factory.annotation.InitDestroyAnnotationBeanPostProcessor.postProcessBeforeInitialization(InitDestroyAnnotationBeanPostProcessor.java:160)
	at org.springframework.beans.factory.support.AbstractAutowireCapableBeanFactory.applyBeanPostProcessorsBeforeInitialization(AbstractAutowireCapableBeanFactory.java:416)
	at org.springframework.beans.factory.support.AbstractAutowireCapableBeanFactory.initializeBean(AbstractAutowireCapableBeanFactory.java:1788)
	at org.springframework.beans.factory.support.AbstractAutowireCapableBeanFactory.doCreateBean(AbstractAutowireCapableBeanFactory.java:595)
	at org.springframework.beans.factory.support.AbstractAutowireCapableBeanFactory.createBean(AbstractAutowireCapableBeanFactory.java:517)
	at org.springframework.beans.factory.support.AbstractBeanFactory.lambda$doGetBean$0(AbstractBeanFactory.java:323)
	at org.springframework.beans.factory.support.DefaultSingletonBeanRegistry.getSingleton(DefaultSingletonBeanRegistry.java:222)
	at org.springframework.beans.factory.support.AbstractBeanFactory.doGetBean(AbstractBeanFactory.java:321)
	at org.springframework.beans.factory.support.AbstractBeanFactory.getBean(AbstractBeanFactory.java:202)
	at org.springframework.beans.factory.support.DefaultListableBeanFactory.preInstantiateSingletons(DefaultListableBeanFactory.java:879)
	at org.springframework.context.support.AbstractApplicationContext.finishBeanFactoryInitialization(AbstractApplicationContext.java:878)
	at org.springframework.context.support.AbstractApplicationContext.refresh(AbstractApplicationContext.java:550)
	at org.springframework.boot.web.servlet.context.ServletWebServerApplicationContext.refresh(ServletWebServerApplicationContext.java:141)
	at org.springframework.boot.SpringApplication.refresh(SpringApplication.java:747)
	at org.springframework.boot.SpringApplication.refreshContext(SpringApplication.java:397)
	at org.springframework.boot.SpringApplication.run(SpringApplication.java:315)
	at org.springframework.boot.SpringApplication.run(SpringApplication.java:1226)
	at org.springframework.boot.SpringApplication.run(SpringApplication.java:1215)
	at com.iotinall.framework.MybatisPlusFrameworkApplication.main(MybatisPlusFrameworkApplication.java:17)
Caused by: org.springframework.jdbc.BadSqlGrammarException: 
### Error querying database.  Cause: java.sql.SQLSyntaxErrorException: Key column 'memberId' doesn't exist in table
### The error may exist in URL [jar:file:/C:/Users/EDZ/.gradle/caches/modules-2/files-2.1/com.gitee.sunchenbin.mybatis.actable/mybatis-enhance-actable/1.5.0.RELEASE/3118efc71b86d5b2c7c8edde04362c0649f13115/mybatis-enhance-actable-1.5.0.RELEASE.jar!/com/gitee/sunchenbin/mybatis/actable/mapping/system/CreateMysqlTablesMapper.xml]
### The error may involve com.gitee.sunchenbin.mybatis.actable.dao.system.CreateMysqlTablesMapper.addTableUnique-Inline
### The error occurred while setting parameters
### SQL: CREATE UNIQUE INDEX actable_uni_memberId_roleId     ON `sys_member_role` (                            memberId               ,                                           roleId                          )
### Cause: java.sql.SQLSyntaxErrorException: Key column 'memberId' doesn't exist in table
; bad SQL grammar []; nested exception is java.sql.SQLSyntaxErrorException: Key column 'memberId' doesn't exist in table
	at org.springframework.jdbc.support.SQLExceptionSubclassTranslator.doTranslate(SQLExceptionSubclassTranslator.java:93)
	at org.springframework.jdbc.support.AbstractFallbackSQLExceptionTranslator.translate(AbstractFallbackSQLExceptionTranslator.java:72)
	at org.springframework.jdbc.support.AbstractFallbackSQLExceptionTranslator.translate(AbstractFallbackSQLExceptionTranslator.java:81)
	at org.mybatis.spring.MyBatisExceptionTranslator.translateExceptionIfPossible(MyBatisExceptionTranslator.java:88)
	at org.mybatis.spring.SqlSessionTemplate$SqlSessionInterceptor.invoke(SqlSessionTemplate.java:440)
	at com.sun.proxy.$Proxy79.selectOne(Unknown Source)
	at org.mybatis.spring.SqlSessionTemplate.selectOne(SqlSessionTemplate.java:159)
	at com.baomidou.mybatisplus.core.override.MybatisMapperMethod.execute(MybatisMapperMethod.java:108)
	at com.baomidou.mybatisplus.core.override.MybatisMapperProxy.invoke(MybatisMapperProxy.java:96)
	at com.sun.proxy.$Proxy82.addTableUnique(Unknown Source)
	at com.gitee.sunchenbin.mybatis.actable.manager.system.SysMysqlCreateTableManagerImpl.addUniqueByMap(SysMysqlCreateTableManagerImpl.java:789)
	at com.gitee.sunchenbin.mybatis.actable.manager.system.SysMysqlCreateTableManagerImpl.createOrModifyTableConstruct(SysMysqlCreateTableManagerImpl.java:727)
	at com.gitee.sunchenbin.mybatis.actable.manager.system.SysMysqlCreateTableManagerImpl.createMysqlTable(SysMysqlCreateTableManagerImpl.java:115)
	at com.gitee.sunchenbin.mybatis.actable.manager.system.SysMysqlCreateTableManagerImpl$$FastClassBySpringCGLIB$$ac2449f9.invoke(<generated>)
	at org.springframework.cglib.proxy.MethodProxy.invoke(MethodProxy.java:218)
	at org.springframework.aop.framework.CglibAopProxy$CglibMethodInvocation.invokeJoinpoint(CglibAopProxy.java:769)
	at org.springframework.aop.framework.ReflectiveMethodInvocation.proceed(ReflectiveMethodInvocation.java:163)
	at org.springframework.aop.framework.CglibAopProxy$CglibMethodInvocation.proceed(CglibAopProxy.java:747)
	at org.springframework.transaction.interceptor.TransactionAspectSupport.invokeWithinTransaction(TransactionAspectSupport.java:366)
	at org.springframework.transaction.interceptor.TransactionInterceptor.invoke(TransactionInterceptor.java:99)
	at org.springframework.aop.framework.ReflectiveMethodInvocation.proceed(ReflectiveMethodInvocation.java:186)
	at org.springframework.aop.framework.CglibAopProxy$CglibMethodInvocation.proceed(CglibAopProxy.java:747)
	at org.springframework.aop.framework.CglibAopProxy$DynamicAdvisedInterceptor.intercept(CglibAopProxy.java:689)
	at com.gitee.sunchenbin.mybatis.actable.manager.system.SysMysqlCreateTableManagerImpl$$EnhancerBySpringCGLIB$$a6ed066e.createMysqlTable(<generated>)
	at com.gitee.sunchenbin.mybatis.actable.manager.handler.StartUpHandlerImpl.startHandler(StartUpHandlerImpl.java:55)
	at sun.reflect.NativeMethodAccessorImpl.invoke0(Native Method)
	at sun.reflect.NativeMethodAccessorImpl.invoke(NativeMethodAccessorImpl.java:62)
	at sun.reflect.DelegatingMethodAccessorImpl.invoke(DelegatingMethodAccessorImpl.java:43)
	at java.lang.reflect.Method.invoke(Method.java:498)
	at org.springframework.beans.factory.annotation.InitDestroyAnnotationBeanPostProcessor$LifecycleElement.invoke(InitDestroyAnnotationBeanPostProcessor.java:389)
	at org.springframework.beans.factory.annotation.InitDestroyAnnotationBeanPostProcessor$LifecycleMetadata.invokeInitMethods(InitDestroyAnnotationBeanPostProcessor.java:333)
	at org.springframework.beans.factory.annotation.InitDestroyAnnotationBeanPostProcessor.postProcessBeforeInitialization(InitDestroyAnnotationBeanPostProcessor.java:157)
	... 18 common frames omitted
Caused by: java.sql.SQLSyntaxErrorException: Key column 'memberId' doesn't exist in table
	at com.mysql.cj.jdbc.exceptions.SQLError.createSQLException(SQLError.java:120)
	at com.mysql.cj.jdbc.exceptions.SQLError.createSQLException(SQLError.java:97)
	at com.mysql.cj.jdbc.exceptions.SQLExceptionsMapping.translateException(SQLExceptionsMapping.java:122)
	at com.mysql.cj.jdbc.ClientPreparedStatement.executeInternal(ClientPreparedStatement.java:955)
	at com.mysql.cj.jdbc.ClientPreparedStatement.execute(ClientPreparedStatement.java:372)
	at com.zaxxer.hikari.pool.ProxyPreparedStatement.execute(ProxyPreparedStatement.java:44)
	at com.zaxxer.hikari.pool.HikariProxyPreparedStatement.execute(HikariProxyPreparedStatement.java)
	at org.apache.ibatis.executor.statement.PreparedStatementHandler.query(PreparedStatementHandler.java:64)
	at org.apache.ibatis.executor.statement.RoutingStatementHandler.query(RoutingStatementHandler.java:79)
	at com.baomidou.mybatisplus.core.executor.MybatisSimpleExecutor.doQuery(MybatisSimpleExecutor.java:67)
	at org.apache.ibatis.executor.BaseExecutor.queryFromDatabase(BaseExecutor.java:324)
	at org.apache.ibatis.executor.BaseExecutor.query(BaseExecutor.java:156)
	at com.baomidou.mybatisplus.core.executor.MybatisCachingExecutor.query(MybatisCachingExecutor.java:155)
	at com.baomidou.mybatisplus.core.executor.MybatisCachingExecutor.query(MybatisCachingExecutor.java:90)
	at org.apache.ibatis.session.defaults.DefaultSqlSession.selectList(DefaultSqlSession.java:147)
	at org.apache.ibatis.session.defaults.DefaultSqlSession.selectList(DefaultSqlSession.java:140)
	at org.apache.ibatis.session.defaults.DefaultSqlSession.selectOne(DefaultSqlSession.java:76)
	at sun.reflect.NativeMethodAccessorImpl.invoke0(Native Method)
	at sun.reflect.NativeMethodAccessorImpl.invoke(NativeMethodAccessorImpl.java:62)
	at sun.reflect.DelegatingMethodAccessorImpl.invoke(DelegatingMethodAccessorImpl.java:43)
	at java.lang.reflect.Method.invoke(Method.java:498)
	at org.mybatis.spring.SqlSessionTemplate$SqlSessionInterceptor.invoke(SqlSessionTemplate.java:426)
	... 45 common frames omitted
2021-11-26 15:12:53.070 [main] INFO  com.iotinall.framework.MybatisPlusFrameworkApplication - Starting MybatisPlusFrameworkApplication on WINDOWS-GLCDS9G with PID 13012 (D:\project\project-architecture\framework\mybatisplus-framework\build\classes\java\main started by EDZ in D:\project\project-architecture\framework\mybatisplus-framework)
2021-11-26 15:12:53.073 [main] INFO  com.iotinall.framework.MybatisPlusFrameworkApplication - The following profiles are active: local
2021-11-26 15:12:53.768 [main] INFO  org.springframework.data.repository.config.RepositoryConfigurationDelegate - Multiple Spring Data modules found, entering strict repository configuration mode!
2021-11-26 15:12:53.771 [main] INFO  org.springframework.data.repository.config.RepositoryConfigurationDelegate - Bootstrapping Spring Data Redis repositories in DEFAULT mode.
2021-11-26 15:12:53.846 [main] INFO  org.springframework.data.repository.config.RepositoryConfigurationDelegate - Finished Spring Data repository scanning in 62ms. Found 0 Redis repository interfaces.
2021-11-26 15:12:54.303 [main] INFO  org.springframework.context.support.PostProcessorRegistrationDelegate$BeanPostProcessorChecker - Bean 'redisConfiguration' of type [com.iotinall.framework.configuration.RedisConfiguration$$EnhancerBySpringCGLIB$$4a7b0a27] is not eligible for getting processed by all BeanPostProcessors (for example: not eligible for auto-proxying)
2021-11-26 15:12:54.315 [main] INFO  org.springframework.context.support.PostProcessorRegistrationDelegate$BeanPostProcessorChecker - Bean 'org.springframework.security.config.annotation.configuration.ObjectPostProcessorConfiguration' of type [org.springframework.security.config.annotation.configuration.ObjectPostProcessorConfiguration] is not eligible for getting processed by all BeanPostProcessors (for example: not eligible for auto-proxying)
2021-11-26 15:12:54.320 [main] INFO  org.springframework.context.support.PostProcessorRegistrationDelegate$BeanPostProcessorChecker - Bean 'org.springframework.transaction.annotation.ProxyTransactionManagementConfiguration' of type [org.springframework.transaction.annotation.ProxyTransactionManagementConfiguration] is not eligible for getting processed by all BeanPostProcessors (for example: not eligible for auto-proxying)
2021-11-26 15:12:54.435 [main] INFO  org.springframework.context.support.PostProcessorRegistrationDelegate$BeanPostProcessorChecker - Bean 'objectPostProcessor' of type [org.springframework.security.config.annotation.configuration.AutowireBeanFactoryObjectPostProcessor] is not eligible for getting processed by all BeanPostProcessors (for example: not eligible for auto-proxying)
2021-11-26 15:12:54.437 [main] INFO  org.springframework.context.support.PostProcessorRegistrationDelegate$BeanPostProcessorChecker - Bean 'org.springframework.security.access.expression.method.DefaultMethodSecurityExpressionHandler@5426cb36' of type [org.springframework.security.access.expression.method.DefaultMethodSecurityExpressionHandler] is not eligible for getting processed by all BeanPostProcessors (for example: not eligible for auto-proxying)
2021-11-26 15:12:54.438 [main] INFO  org.springframework.context.support.PostProcessorRegistrationDelegate$BeanPostProcessorChecker - Bean 'org.springframework.security.config.annotation.method.configuration.GlobalMethodSecurityConfiguration' of type [org.springframework.security.config.annotation.method.configuration.GlobalMethodSecurityConfiguration] is not eligible for getting processed by all BeanPostProcessors (for example: not eligible for auto-proxying)
2021-11-26 15:12:54.442 [main] INFO  org.springframework.context.support.PostProcessorRegistrationDelegate$BeanPostProcessorChecker - Bean 'methodSecurityMetadataSource' of type [org.springframework.security.access.method.DelegatingMethodSecurityMetadataSource] is not eligible for getting processed by all BeanPostProcessors (for example: not eligible for auto-proxying)
2021-11-26 15:12:54.821 [main] WARN  io.undertow.websockets.jsr - UT026010: Buffer pool was not set on WebSocketDeploymentInfo, the default pool will be used
2021-11-26 15:12:54.843 [main] INFO  io.undertow.servlet - Initializing Spring embedded WebApplicationContext
2021-11-26 15:12:54.843 [main] INFO  org.springframework.web.context.ContextLoader - Root WebApplicationContext: initialization completed in 1703 ms
2021-11-26 15:12:55.641 [main] INFO  com.gitee.sunchenbin.mybatis.actable.manager.handler.StartUpHandlerImpl - databaseType=mysql，开始执行mysql的处理方法
2021-11-26 15:12:55.663 [main] INFO  com.zaxxer.hikari.HikariDataSource - HikariPool-1 - Starting...
2021-11-26 15:12:55.818 [main] INFO  com.zaxxer.hikari.HikariDataSource - HikariPool-1 - Start completed.
2021-11-26 15:12:56.044 [main] INFO  com.gitee.sunchenbin.mybatis.actable.manager.system.SysMysqlCreateTableManagerImpl - 开始创建表sys_member_role中的唯一约束actable_uni_member_id_role_id
2021-11-26 15:12:56.388 [main] INFO  com.gitee.sunchenbin.mybatis.actable.manager.system.SysMysqlCreateTableManagerImpl - 完成创建表sys_member_role中的唯一约束actable_uni_member_id_role_id
2021-11-26 15:12:56.699 [main] WARN  com.baomidou.mybatisplus.core.metadata.TableInfoHelper - Warn: Could not find @TableId in Class: com.iotinall.framework.modules.admin.entity.SysMemberRole.
2021-11-26 15:12:56.732 [main] WARN  org.springframework.boot.web.servlet.context.AnnotationConfigServletWebServerApplicationContext - Exception encountered during context initialization - cancelling refresh attempt: org.springframework.beans.factory.BeanCreationException: Error creating bean with name 'fileUtil': Injection of resource dependencies failed; nested exception is org.springframework.beans.factory.NoSuchBeanDefinitionException: No qualifying bean of type 'org.springframework.web.client.RestTemplate' available: expected at least 1 bean which qualifies as autowire candidate. Dependency annotations: {}
2021-11-26 15:12:56.732 [main] INFO  com.zaxxer.hikari.HikariDataSource - HikariPool-1 - Shutdown initiated...
2021-11-26 15:12:56.739 [main] INFO  com.zaxxer.hikari.HikariDataSource - HikariPool-1 - Shutdown completed.
2021-11-26 15:12:56.762 [main] INFO  org.springframework.boot.autoconfigure.logging.ConditionEvaluationReportLoggingListener - 

Error starting ApplicationContext. To display the conditions report re-run your application with 'debug' enabled.
2021-11-26 15:12:56.849 [main] ERROR org.springframework.boot.diagnostics.LoggingFailureAnalysisReporter - 

***************************
APPLICATION FAILED TO START
***************************

Description:

A component required a bean of type 'org.springframework.web.client.RestTemplate' that could not be found.


Action:

Consider defining a bean of type 'org.springframework.web.client.RestTemplate' in your configuration.

2021-11-26 15:14:08.258 [main] INFO  com.iotinall.framework.MybatisPlusFrameworkApplication - Starting MybatisPlusFrameworkApplication on WINDOWS-GLCDS9G with PID 5652 (D:\project\project-architecture\framework\mybatisplus-framework\build\classes\java\main started by EDZ in D:\project\project-architecture\framework\mybatisplus-framework)
2021-11-26 15:14:08.260 [main] INFO  com.iotinall.framework.MybatisPlusFrameworkApplication - The following profiles are active: local
2021-11-26 15:14:08.955 [main] INFO  org.springframework.data.repository.config.RepositoryConfigurationDelegate - Multiple Spring Data modules found, entering strict repository configuration mode!
2021-11-26 15:14:08.958 [main] INFO  org.springframework.data.repository.config.RepositoryConfigurationDelegate - Bootstrapping Spring Data Redis repositories in DEFAULT mode.
2021-11-26 15:14:09.032 [main] INFO  org.springframework.data.repository.config.RepositoryConfigurationDelegate - Finished Spring Data repository scanning in 61ms. Found 0 Redis repository interfaces.
2021-11-26 15:14:09.495 [main] INFO  org.springframework.context.support.PostProcessorRegistrationDelegate$BeanPostProcessorChecker - Bean 'redisConfiguration' of type [com.iotinall.framework.configuration.RedisConfiguration$$EnhancerBySpringCGLIB$$558183a2] is not eligible for getting processed by all BeanPostProcessors (for example: not eligible for auto-proxying)
2021-11-26 15:14:09.508 [main] INFO  org.springframework.context.support.PostProcessorRegistrationDelegate$BeanPostProcessorChecker - Bean 'org.springframework.security.config.annotation.configuration.ObjectPostProcessorConfiguration' of type [org.springframework.security.config.annotation.configuration.ObjectPostProcessorConfiguration] is not eligible for getting processed by all BeanPostProcessors (for example: not eligible for auto-proxying)
2021-11-26 15:14:09.513 [main] INFO  org.springframework.context.support.PostProcessorRegistrationDelegate$BeanPostProcessorChecker - Bean 'org.springframework.transaction.annotation.ProxyTransactionManagementConfiguration' of type [org.springframework.transaction.annotation.ProxyTransactionManagementConfiguration] is not eligible for getting processed by all BeanPostProcessors (for example: not eligible for auto-proxying)
2021-11-26 15:14:09.633 [main] INFO  org.springframework.context.support.PostProcessorRegistrationDelegate$BeanPostProcessorChecker - Bean 'objectPostProcessor' of type [org.springframework.security.config.annotation.configuration.AutowireBeanFactoryObjectPostProcessor] is not eligible for getting processed by all BeanPostProcessors (for example: not eligible for auto-proxying)
2021-11-26 15:14:09.634 [main] INFO  org.springframework.context.support.PostProcessorRegistrationDelegate$BeanPostProcessorChecker - Bean 'org.springframework.security.access.expression.method.DefaultMethodSecurityExpressionHandler@32faa16c' of type [org.springframework.security.access.expression.method.DefaultMethodSecurityExpressionHandler] is not eligible for getting processed by all BeanPostProcessors (for example: not eligible for auto-proxying)
2021-11-26 15:14:09.636 [main] INFO  org.springframework.context.support.PostProcessorRegistrationDelegate$BeanPostProcessorChecker - Bean 'org.springframework.security.config.annotation.method.configuration.GlobalMethodSecurityConfiguration' of type [org.springframework.security.config.annotation.method.configuration.GlobalMethodSecurityConfiguration] is not eligible for getting processed by all BeanPostProcessors (for example: not eligible for auto-proxying)
2021-11-26 15:14:09.639 [main] INFO  org.springframework.context.support.PostProcessorRegistrationDelegate$BeanPostProcessorChecker - Bean 'methodSecurityMetadataSource' of type [org.springframework.security.access.method.DelegatingMethodSecurityMetadataSource] is not eligible for getting processed by all BeanPostProcessors (for example: not eligible for auto-proxying)
2021-11-26 15:14:10.009 [main] WARN  io.undertow.websockets.jsr - UT026010: Buffer pool was not set on WebSocketDeploymentInfo, the default pool will be used
2021-11-26 15:14:10.030 [main] INFO  io.undertow.servlet - Initializing Spring embedded WebApplicationContext
2021-11-26 15:14:10.030 [main] INFO  org.springframework.web.context.ContextLoader - Root WebApplicationContext: initialization completed in 1701 ms
2021-11-26 15:14:10.848 [main] INFO  com.gitee.sunchenbin.mybatis.actable.manager.handler.StartUpHandlerImpl - databaseType=mysql，开始执行mysql的处理方法
2021-11-26 15:14:10.867 [main] INFO  com.zaxxer.hikari.HikariDataSource - HikariPool-1 - Starting...
2021-11-26 15:14:11.016 [main] INFO  com.zaxxer.hikari.HikariDataSource - HikariPool-1 - Start completed.
2021-11-26 15:14:11.498 [main] WARN  com.baomidou.mybatisplus.core.metadata.TableInfoHelper - Warn: Could not find @TableId in Class: com.iotinall.framework.modules.admin.entity.SysMemberRole.
2021-11-26 15:14:11.835 [main] INFO  org.springframework.scheduling.concurrent.ThreadPoolTaskExecutor - Initializing ExecutorService
2021-11-26 15:14:11.836 [main] INFO  org.springframework.scheduling.concurrent.ThreadPoolTaskExecutor - Initializing ExecutorService 'featureExecutor'
2021-11-26 15:14:11.838 [main] INFO  org.springframework.scheduling.concurrent.ThreadPoolTaskExecutor - Initializing ExecutorService
2021-11-26 15:14:11.839 [main] INFO  org.springframework.scheduling.concurrent.ThreadPoolTaskExecutor - Initializing ExecutorService 'asyncExecutor'
2021-11-26 15:14:11.877 [main] INFO  org.springframework.boot.autoconfigure.security.servlet.UserDetailsServiceAutoConfiguration - 

Using generated security password: 7d0acb4e-c55f-49cf-88b1-9911214cc204

2021-11-26 15:14:11.962 [main] INFO  org.springframework.security.web.DefaultSecurityFilterChain - Creating filter chain: any request, [org.springframework.security.web.context.request.async.WebAsyncManagerIntegrationFilter@6d7556a8, org.springframework.security.web.context.SecurityContextPersistenceFilter@3bda1f0, org.springframework.security.web.header.HeaderWriterFilter@3c65f00e, org.springframework.security.web.authentication.logout.LogoutFilter@70ed902a, com.iotinall.framework.modules.security.handler.AuthorizationTokenFilter@17216605, org.springframework.security.web.savedrequest.RequestCacheAwareFilter@73e399cc, org.springframework.security.web.servletapi.SecurityContextHolderAwareRequestFilter@780c0, org.springframework.security.web.authentication.AnonymousAuthenticationFilter@48860139, org.springframework.security.web.session.SessionManagementFilter@36ecf9f6, org.springframework.security.web.access.ExceptionTranslationFilter@493968a9, org.springframework.security.web.access.intercept.FilterSecurityInterceptor@29ea5e0]
2021-11-26 15:14:12.433 [main] INFO  org.quartz.impl.StdSchedulerFactory - Using default implementation for ThreadExecutor
2021-11-26 15:14:12.450 [main] INFO  org.quartz.core.SchedulerSignalerImpl - Initialized Scheduler Signaller of type: class org.quartz.core.SchedulerSignalerImpl
2021-11-26 15:14:12.450 [main] INFO  org.quartz.core.QuartzScheduler - Quartz Scheduler v.2.3.2 created.
2021-11-26 15:14:12.450 [main] INFO  org.quartz.simpl.RAMJobStore - RAMJobStore initialized.
2021-11-26 15:14:12.452 [main] INFO  org.quartz.core.QuartzScheduler - Scheduler meta-data: Quartz Scheduler (v2.3.2) 'quartzScheduler' with instanceId 'NON_CLUSTERED'
  Scheduler class: 'org.quartz.core.QuartzScheduler' - running locally.
  NOT STARTED.
  Currently in standby mode.
  Number of jobs executed: 0
  Using thread pool 'org.quartz.simpl.SimpleThreadPool' - with 10 threads.
  Using job-store 'org.quartz.simpl.RAMJobStore' - which does not support persistence. and is not clustered.

2021-11-26 15:14:12.452 [main] INFO  org.quartz.impl.StdSchedulerFactory - Quartz scheduler 'quartzScheduler' initialized from an externally provided properties instance.
2021-11-26 15:14:12.452 [main] INFO  org.quartz.impl.StdSchedulerFactory - Quartz scheduler version: 2.3.2
2021-11-26 15:14:12.452 [main] INFO  org.quartz.core.QuartzScheduler - JobFactory set to: org.springframework.scheduling.quartz.SpringBeanJobFactory@535a6697
2021-11-26 15:14:12.476 [main] INFO  org.springframework.scheduling.quartz.SchedulerFactoryBean - Starting Quartz Scheduler now
2021-11-26 15:14:12.477 [main] INFO  org.quartz.core.QuartzScheduler - Scheduler quartzScheduler_$_NON_CLUSTERED started.
2021-11-26 15:14:12.496 [main] INFO  io.undertow - starting server: Undertow - 2.0.28.Final
2021-11-26 15:14:12.505 [main] INFO  org.xnio - XNIO version 3.3.8.Final
2021-11-26 15:14:12.517 [main] INFO  org.xnio.nio - XNIO NIO Implementation Version 3.3.8.Final
2021-11-26 15:14:12.603 [main] INFO  org.springframework.boot.web.embedded.undertow.UndertowServletWebServer - Undertow started on port(s) 6565 (http) with context path ''
2021-11-26 15:14:12.605 [main] INFO  com.iotinall.framework.MybatisPlusFrameworkApplication - Started MybatisPlusFrameworkApplication in 4.827 seconds (JVM running for 5.275)
2021-11-26 15:19:26.186 [main] INFO  com.iotinall.framework.MybatisPlusFrameworkApplication - Starting MybatisPlusFrameworkApplication on WINDOWS-GLCDS9G with PID 8944 (D:\project\project-architecture\framework\mybatisplus-framework\build\classes\java\main started by EDZ in D:\project\project-architecture\framework\mybatisplus-framework)
2021-11-26 15:19:26.210 [main] INFO  com.iotinall.framework.MybatisPlusFrameworkApplication - The following profiles are active: local
2021-11-26 15:19:26.873 [main] INFO  org.springframework.data.repository.config.RepositoryConfigurationDelegate - Multiple Spring Data modules found, entering strict repository configuration mode!
2021-11-26 15:19:26.875 [main] INFO  org.springframework.data.repository.config.RepositoryConfigurationDelegate - Bootstrapping Spring Data Redis repositories in DEFAULT mode.
2021-11-26 15:19:26.954 [main] INFO  org.springframework.data.repository.config.RepositoryConfigurationDelegate - Finished Spring Data repository scanning in 64ms. Found 0 Redis repository interfaces.
2021-11-26 15:19:27.417 [main] INFO  org.springframework.context.support.PostProcessorRegistrationDelegate$BeanPostProcessorChecker - Bean 'redisConfiguration' of type [com.iotinall.framework.configuration.RedisConfiguration$$EnhancerBySpringCGLIB$$eb2b4adc] is not eligible for getting processed by all BeanPostProcessors (for example: not eligible for auto-proxying)
2021-11-26 15:19:27.429 [main] INFO  org.springframework.context.support.PostProcessorRegistrationDelegate$BeanPostProcessorChecker - Bean 'org.springframework.security.config.annotation.configuration.ObjectPostProcessorConfiguration' of type [org.springframework.security.config.annotation.configuration.ObjectPostProcessorConfiguration] is not eligible for getting processed by all BeanPostProcessors (for example: not eligible for auto-proxying)
2021-11-26 15:19:27.434 [main] INFO  org.springframework.context.support.PostProcessorRegistrationDelegate$BeanPostProcessorChecker - Bean 'org.springframework.transaction.annotation.ProxyTransactionManagementConfiguration' of type [org.springframework.transaction.annotation.ProxyTransactionManagementConfiguration] is not eligible for getting processed by all BeanPostProcessors (for example: not eligible for auto-proxying)
2021-11-26 15:19:27.553 [main] INFO  org.springframework.context.support.PostProcessorRegistrationDelegate$BeanPostProcessorChecker - Bean 'objectPostProcessor' of type [org.springframework.security.config.annotation.configuration.AutowireBeanFactoryObjectPostProcessor] is not eligible for getting processed by all BeanPostProcessors (for example: not eligible for auto-proxying)
2021-11-26 15:19:27.554 [main] INFO  org.springframework.context.support.PostProcessorRegistrationDelegate$BeanPostProcessorChecker - Bean 'org.springframework.security.access.expression.method.DefaultMethodSecurityExpressionHandler@7f6329cb' of type [org.springframework.security.access.expression.method.DefaultMethodSecurityExpressionHandler] is not eligible for getting processed by all BeanPostProcessors (for example: not eligible for auto-proxying)
2021-11-26 15:19:27.555 [main] INFO  org.springframework.context.support.PostProcessorRegistrationDelegate$BeanPostProcessorChecker - Bean 'org.springframework.security.config.annotation.method.configuration.GlobalMethodSecurityConfiguration' of type [org.springframework.security.config.annotation.method.configuration.GlobalMethodSecurityConfiguration] is not eligible for getting processed by all BeanPostProcessors (for example: not eligible for auto-proxying)
2021-11-26 15:19:27.559 [main] INFO  org.springframework.context.support.PostProcessorRegistrationDelegate$BeanPostProcessorChecker - Bean 'methodSecurityMetadataSource' of type [org.springframework.security.access.method.DelegatingMethodSecurityMetadataSource] is not eligible for getting processed by all BeanPostProcessors (for example: not eligible for auto-proxying)
2021-11-26 15:19:27.935 [main] WARN  io.undertow.websockets.jsr - UT026010: Buffer pool was not set on WebSocketDeploymentInfo, the default pool will be used
2021-11-26 15:19:27.956 [main] INFO  io.undertow.servlet - Initializing Spring embedded WebApplicationContext
2021-11-26 15:19:27.956 [main] INFO  org.springframework.web.context.ContextLoader - Root WebApplicationContext: initialization completed in 1699 ms
2021-11-26 15:19:28.728 [main] INFO  com.gitee.sunchenbin.mybatis.actable.manager.handler.StartUpHandlerImpl - databaseType=mysql，开始执行mysql的处理方法
2021-11-26 15:19:28.746 [main] INFO  com.zaxxer.hikari.HikariDataSource - HikariPool-1 - Starting...
2021-11-26 15:19:28.892 [main] INFO  com.zaxxer.hikari.HikariDataSource - HikariPool-1 - Start completed.
2021-11-26 15:19:29.079 [main] INFO  com.gitee.sunchenbin.mybatis.actable.manager.system.SysMysqlCreateTableManagerImpl - 开始为表sys_member_role增加字段id
2021-11-26 15:19:29.981 [main] INFO  com.gitee.sunchenbin.mybatis.actable.manager.system.SysMysqlCreateTableManagerImpl - 完成为表sys_member_role增加字段id
2021-11-26 15:19:30.635 [main] INFO  org.springframework.scheduling.concurrent.ThreadPoolTaskExecutor - Initializing ExecutorService
2021-11-26 15:19:30.635 [main] INFO  org.springframework.scheduling.concurrent.ThreadPoolTaskExecutor - Initializing ExecutorService 'featureExecutor'
2021-11-26 15:19:30.638 [main] INFO  org.springframework.scheduling.concurrent.ThreadPoolTaskExecutor - Initializing ExecutorService
2021-11-26 15:19:30.638 [main] INFO  org.springframework.scheduling.concurrent.ThreadPoolTaskExecutor - Initializing ExecutorService 'asyncExecutor'
2021-11-26 15:19:30.676 [main] INFO  org.springframework.boot.autoconfigure.security.servlet.UserDetailsServiceAutoConfiguration - 

Using generated security password: cd4c7a7f-89a2-426a-9352-177a362791c7

2021-11-26 15:19:30.759 [main] INFO  org.springframework.security.web.DefaultSecurityFilterChain - Creating filter chain: any request, [org.springframework.security.web.context.request.async.WebAsyncManagerIntegrationFilter@282c5075, org.springframework.security.web.context.SecurityContextPersistenceFilter@2f112ade, org.springframework.security.web.header.HeaderWriterFilter@17e2835c, org.springframework.security.web.authentication.logout.LogoutFilter@64dcf763, com.iotinall.framework.modules.security.handler.AuthorizationTokenFilter@1d2d8846, org.springframework.security.web.savedrequest.RequestCacheAwareFilter@3ddac0b6, org.springframework.security.web.servletapi.SecurityContextHolderAwareRequestFilter@366b4a7b, org.springframework.security.web.authentication.AnonymousAuthenticationFilter@2ed35f24, org.springframework.security.web.session.SessionManagementFilter@7cbfbcd1, org.springframework.security.web.access.ExceptionTranslationFilter@694b1ddb, org.springframework.security.web.access.intercept.FilterSecurityInterceptor@383e6734]
2021-11-26 15:19:31.234 [main] INFO  org.quartz.impl.StdSchedulerFactory - Using default implementation for ThreadExecutor
2021-11-26 15:19:31.244 [main] INFO  org.quartz.core.SchedulerSignalerImpl - Initialized Scheduler Signaller of type: class org.quartz.core.SchedulerSignalerImpl
2021-11-26 15:19:31.245 [main] INFO  org.quartz.core.QuartzScheduler - Quartz Scheduler v.2.3.2 created.
2021-11-26 15:19:31.245 [main] INFO  org.quartz.simpl.RAMJobStore - RAMJobStore initialized.
2021-11-26 15:19:31.246 [main] INFO  org.quartz.core.QuartzScheduler - Scheduler meta-data: Quartz Scheduler (v2.3.2) 'quartzScheduler' with instanceId 'NON_CLUSTERED'
  Scheduler class: 'org.quartz.core.QuartzScheduler' - running locally.
  NOT STARTED.
  Currently in standby mode.
  Number of jobs executed: 0
  Using thread pool 'org.quartz.simpl.SimpleThreadPool' - with 10 threads.
  Using job-store 'org.quartz.simpl.RAMJobStore' - which does not support persistence. and is not clustered.

2021-11-26 15:19:31.246 [main] INFO  org.quartz.impl.StdSchedulerFactory - Quartz scheduler 'quartzScheduler' initialized from an externally provided properties instance.
2021-11-26 15:19:31.246 [main] INFO  org.quartz.impl.StdSchedulerFactory - Quartz scheduler version: 2.3.2
2021-11-26 15:19:31.246 [main] INFO  org.quartz.core.QuartzScheduler - JobFactory set to: org.springframework.scheduling.quartz.SpringBeanJobFactory@27575bcd
2021-11-26 15:19:31.270 [main] INFO  org.springframework.scheduling.quartz.SchedulerFactoryBean - Starting Quartz Scheduler now
2021-11-26 15:19:31.271 [main] INFO  org.quartz.core.QuartzScheduler - Scheduler quartzScheduler_$_NON_CLUSTERED started.
2021-11-26 15:19:31.289 [main] INFO  io.undertow - starting server: Undertow - 2.0.28.Final
2021-11-26 15:19:31.299 [main] INFO  org.xnio - XNIO version 3.3.8.Final
2021-11-26 15:19:31.310 [main] INFO  org.xnio.nio - XNIO NIO Implementation Version 3.3.8.Final
2021-11-26 15:19:31.386 [main] INFO  org.springframework.boot.web.embedded.undertow.UndertowServletWebServer - Undertow started on port(s) 6565 (http) with context path ''
2021-11-26 15:19:31.388 [main] INFO  com.iotinall.framework.MybatisPlusFrameworkApplication - Started MybatisPlusFrameworkApplication in 5.671 seconds (JVM running for 6.104)
