2021-11-25 09:16:53.207 [main] INFO  com.iotinall.framework.MybatisPlusFrameworkApplication - Starting MybatisPlusFrameworkApplication on WINDOWS-GLCDS9G with PID 13776 (D:\project\project-architecture\mybatisplus-framework\build\classes\java\main started by EDZ in D:\project\project-architecture\mybatisplus-framework)
2021-11-25 09:16:53.213 [main] INFO  com.iotinall.framework.MybatisPlusFrameworkApplication - The following profiles are active: dev
2021-11-25 09:16:54.052 [main] INFO  org.springframework.data.repository.config.RepositoryConfigurationDelegate - Multiple Spring Data modules found, entering strict repository configuration mode!
2021-11-25 09:16:54.057 [main] INFO  org.springframework.data.repository.config.RepositoryConfigurationDelegate - Bootstrapping Spring Data Redis repositories in DEFAULT mode.
2021-11-25 09:16:54.139 [main] INFO  org.springframework.data.repository.config.RepositoryConfigurationDelegate - Finished Spring Data repository scanning in 51ms. Found 0 Redis repository interfaces.
2021-11-25 09:16:54.622 [main] INFO  org.springframework.context.support.PostProcessorRegistrationDelegate$BeanPostProcessorChecker - Bean 'redisConfiguration' of type [com.iotinall.framework.configuration.RedisConfiguration$$EnhancerBySpringCGLIB$$3b1cf894] is not eligible for getting processed by all BeanPostProcessors (for example: not eligible for auto-proxying)
2021-11-25 09:16:54.635 [main] INFO  org.springframework.context.support.PostProcessorRegistrationDelegate$BeanPostProcessorChecker - Bean 'org.springframework.security.config.annotation.configuration.ObjectPostProcessorConfiguration' of type [org.springframework.security.config.annotation.configuration.ObjectPostProcessorConfiguration] is not eligible for getting processed by all BeanPostProcessors (for example: not eligible for auto-proxying)
2021-11-25 09:16:54.640 [main] INFO  org.springframework.context.support.PostProcessorRegistrationDelegate$BeanPostProcessorChecker - Bean 'org.springframework.transaction.annotation.ProxyTransactionManagementConfiguration' of type [org.springframework.transaction.annotation.ProxyTransactionManagementConfiguration] is not eligible for getting processed by all BeanPostProcessors (for example: not eligible for auto-proxying)
2021-11-25 09:16:54.792 [main] INFO  org.springframework.context.support.PostProcessorRegistrationDelegate$BeanPostProcessorChecker - Bean 'objectPostProcessor' of type [org.springframework.security.config.annotation.configuration.AutowireBeanFactoryObjectPostProcessor] is not eligible for getting processed by all BeanPostProcessors (for example: not eligible for auto-proxying)
2021-11-25 09:16:54.794 [main] INFO  org.springframework.context.support.PostProcessorRegistrationDelegate$BeanPostProcessorChecker - Bean 'org.springframework.security.access.expression.method.DefaultMethodSecurityExpressionHandler@bf75b5c' of type [org.springframework.security.access.expression.method.DefaultMethodSecurityExpressionHandler] is not eligible for getting processed by all BeanPostProcessors (for example: not eligible for auto-proxying)
2021-11-25 09:16:54.795 [main] INFO  org.springframework.context.support.PostProcessorRegistrationDelegate$BeanPostProcessorChecker - Bean 'org.springframework.security.config.annotation.method.configuration.GlobalMethodSecurityConfiguration' of type [org.springframework.security.config.annotation.method.configuration.GlobalMethodSecurityConfiguration] is not eligible for getting processed by all BeanPostProcessors (for example: not eligible for auto-proxying)
2021-11-25 09:16:54.800 [main] INFO  org.springframework.context.support.PostProcessorRegistrationDelegate$BeanPostProcessorChecker - Bean 'methodSecurityMetadataSource' of type [org.springframework.security.access.method.DelegatingMethodSecurityMetadataSource] is not eligible for getting processed by all BeanPostProcessors (for example: not eligible for auto-proxying)
2021-11-25 09:16:55.227 [main] WARN  io.undertow.websockets.jsr - UT026010: Buffer pool was not set on WebSocketDeploymentInfo, the default pool will be used
2021-11-25 09:16:55.253 [main] INFO  io.undertow.servlet - Initializing Spring embedded WebApplicationContext
2021-11-25 09:16:55.253 [main] INFO  org.springframework.web.context.ContextLoader - Root WebApplicationContext: initialization completed in 1961 ms
2021-11-25 09:16:56.283 [main] INFO  com.gitee.sunchenbin.mybatis.actable.manager.handler.StartUpHandlerImpl - databaseType=mysql，开始执行mysql的处理方法
2021-11-25 09:16:56.303 [main] INFO  com.zaxxer.hikari.HikariDataSource - HikariPool-1 - Starting...
2021-11-25 18:24:03.931 [main] INFO  com.iotinall.framework.MybatisPlusFrameworkApplication - Starting MybatisPlusFrameworkApplication on WINDOWS-GLCDS9G with PID 14264 (D:\project\project-architecture\framework\mybatisplus-framework\build\classes\java\main started by EDZ in D:\project\project-architecture\framework\mybatisplus-framework)
2021-11-25 18:24:03.934 [main] INFO  com.iotinall.framework.MybatisPlusFrameworkApplication - The following profiles are active: local
2021-11-25 18:24:04.606 [main] INFO  org.springframework.data.repository.config.RepositoryConfigurationDelegate - Multiple Spring Data modules found, entering strict repository configuration mode!
2021-11-25 18:24:04.608 [main] INFO  org.springframework.data.repository.config.RepositoryConfigurationDelegate - Bootstrapping Spring Data Redis repositories in DEFAULT mode.
2021-11-25 18:24:04.673 [main] INFO  org.springframework.data.repository.config.RepositoryConfigurationDelegate - Finished Spring Data repository scanning in 50ms. Found 0 Redis repository interfaces.
2021-11-25 18:24:05.148 [main] INFO  org.springframework.context.support.PostProcessorRegistrationDelegate$BeanPostProcessorChecker - Bean 'redisConfiguration' of type [com.iotinall.framework.configuration.RedisConfiguration$$EnhancerBySpringCGLIB$$28d14183] is not eligible for getting processed by all BeanPostProcessors (for example: not eligible for auto-proxying)
2021-11-25 18:24:05.159 [main] INFO  org.springframework.context.support.PostProcessorRegistrationDelegate$BeanPostProcessorChecker - Bean 'org.springframework.security.config.annotation.configuration.ObjectPostProcessorConfiguration' of type [org.springframework.security.config.annotation.configuration.ObjectPostProcessorConfiguration] is not eligible for getting processed by all BeanPostProcessors (for example: not eligible for auto-proxying)
2021-11-25 18:24:05.163 [main] INFO  org.springframework.context.support.PostProcessorRegistrationDelegate$BeanPostProcessorChecker - Bean 'org.springframework.transaction.annotation.ProxyTransactionManagementConfiguration' of type [org.springframework.transaction.annotation.ProxyTransactionManagementConfiguration] is not eligible for getting processed by all BeanPostProcessors (for example: not eligible for auto-proxying)
2021-11-25 18:24:05.285 [main] INFO  org.springframework.context.support.PostProcessorRegistrationDelegate$BeanPostProcessorChecker - Bean 'objectPostProcessor' of type [org.springframework.security.config.annotation.configuration.AutowireBeanFactoryObjectPostProcessor] is not eligible for getting processed by all BeanPostProcessors (for example: not eligible for auto-proxying)
2021-11-25 18:24:05.287 [main] INFO  org.springframework.context.support.PostProcessorRegistrationDelegate$BeanPostProcessorChecker - Bean 'org.springframework.security.access.expression.method.DefaultMethodSecurityExpressionHandler@270a620' of type [org.springframework.security.access.expression.method.DefaultMethodSecurityExpressionHandler] is not eligible for getting processed by all BeanPostProcessors (for example: not eligible for auto-proxying)
2021-11-25 18:24:05.288 [main] INFO  org.springframework.context.support.PostProcessorRegistrationDelegate$BeanPostProcessorChecker - Bean 'org.springframework.security.config.annotation.method.configuration.GlobalMethodSecurityConfiguration' of type [org.springframework.security.config.annotation.method.configuration.GlobalMethodSecurityConfiguration] is not eligible for getting processed by all BeanPostProcessors (for example: not eligible for auto-proxying)
2021-11-25 18:24:05.292 [main] INFO  org.springframework.context.support.PostProcessorRegistrationDelegate$BeanPostProcessorChecker - Bean 'methodSecurityMetadataSource' of type [org.springframework.security.access.method.DelegatingMethodSecurityMetadataSource] is not eligible for getting processed by all BeanPostProcessors (for example: not eligible for auto-proxying)
2021-11-25 18:24:05.688 [main] WARN  io.undertow.websockets.jsr - UT026010: Buffer pool was not set on WebSocketDeploymentInfo, the default pool will be used
2021-11-25 18:24:05.710 [main] INFO  io.undertow.servlet - Initializing Spring embedded WebApplicationContext
2021-11-25 18:24:05.710 [main] INFO  org.springframework.web.context.ContextLoader - Root WebApplicationContext: initialization completed in 1704 ms
2021-11-25 18:24:06.498 [main] INFO  com.gitee.sunchenbin.mybatis.actable.manager.handler.StartUpHandlerImpl - databaseType=mysql，开始执行mysql的处理方法
2021-11-25 18:24:06.517 [main] INFO  com.zaxxer.hikari.HikariDataSource - HikariPool-1 - Starting...
2021-11-25 18:24:06.661 [main] INFO  com.zaxxer.hikari.HikariDataSource - HikariPool-1 - Start completed.
2021-11-25 18:24:06.842 [main] INFO  com.gitee.sunchenbin.mybatis.actable.manager.system.SysMysqlCreateTableManagerImpl - 开始创建表：org_member
2021-11-25 18:24:07.164 [main] INFO  com.gitee.sunchenbin.mybatis.actable.manager.system.SysMysqlCreateTableManagerImpl - 完成创建表：org_member
2021-11-25 18:24:07.166 [main] INFO  com.gitee.sunchenbin.mybatis.actable.manager.system.SysMysqlCreateTableManagerImpl - 开始创建表org_member中的索引actable_idx_name
2021-11-25 18:24:07.401 [main] INFO  com.gitee.sunchenbin.mybatis.actable.manager.system.SysMysqlCreateTableManagerImpl - 完成创建表org_member中的索引actable_idx_name
2021-11-25 18:24:07.401 [main] INFO  com.gitee.sunchenbin.mybatis.actable.manager.system.SysMysqlCreateTableManagerImpl - 开始创建表org_member中的索引actable_idx_id
2021-11-25 18:24:07.711 [main] INFO  com.gitee.sunchenbin.mybatis.actable.manager.system.SysMysqlCreateTableManagerImpl - 完成创建表org_member中的索引actable_idx_id
2021-11-25 18:24:07.713 [main] INFO  com.gitee.sunchenbin.mybatis.actable.manager.system.SysMysqlCreateTableManagerImpl - 开始创建表org_member中的唯一约束actable_uni_work_num
2021-11-25 18:24:08.454 [main] INFO  com.gitee.sunchenbin.mybatis.actable.manager.system.SysMysqlCreateTableManagerImpl - 完成创建表org_member中的唯一约束actable_uni_work_num
2021-11-25 18:24:08.973 [main] INFO  org.springframework.scheduling.concurrent.ThreadPoolTaskExecutor - Initializing ExecutorService
2021-11-25 18:24:08.974 [main] INFO  org.springframework.scheduling.concurrent.ThreadPoolTaskExecutor - Initializing ExecutorService 'featureExecutor'
2021-11-25 18:24:08.977 [main] INFO  org.springframework.scheduling.concurrent.ThreadPoolTaskExecutor - Initializing ExecutorService
2021-11-25 18:24:08.977 [main] INFO  org.springframework.scheduling.concurrent.ThreadPoolTaskExecutor - Initializing ExecutorService 'asyncExecutor'
2021-11-25 18:24:09.038 [main] INFO  org.springframework.boot.autoconfigure.security.servlet.UserDetailsServiceAutoConfiguration - 

Using generated security password: 171f0e02-f47b-41da-9cf6-92379a8db17b

2021-11-25 18:24:09.119 [main] INFO  org.springframework.security.web.DefaultSecurityFilterChain - Creating filter chain: any request, [org.springframework.security.web.context.request.async.WebAsyncManagerIntegrationFilter@154b0748, org.springframework.security.web.context.SecurityContextPersistenceFilter@79e16dd9, org.springframework.security.web.header.HeaderWriterFilter@2f3a8166, org.springframework.security.web.authentication.logout.LogoutFilter@217fd3c, com.iotinall.framework.modules.security.handler.AuthorizationTokenFilter@661e279d, org.springframework.security.web.savedrequest.RequestCacheAwareFilter@21ce3b22, org.springframework.security.web.servletapi.SecurityContextHolderAwareRequestFilter@533d7c61, org.springframework.security.web.authentication.AnonymousAuthenticationFilter@35c00c, org.springframework.security.web.session.SessionManagementFilter@5e3405a1, org.springframework.security.web.access.ExceptionTranslationFilter@3b4f1eb, org.springframework.security.web.access.intercept.FilterSecurityInterceptor@33ccead]
2021-11-25 18:24:09.460 [main] INFO  org.quartz.impl.StdSchedulerFactory - Using default implementation for ThreadExecutor
2021-11-25 18:24:09.474 [main] INFO  org.quartz.core.SchedulerSignalerImpl - Initialized Scheduler Signaller of type: class org.quartz.core.SchedulerSignalerImpl
2021-11-25 18:24:09.474 [main] INFO  org.quartz.core.QuartzScheduler - Quartz Scheduler v.2.3.2 created.
2021-11-25 18:24:09.475 [main] INFO  org.quartz.simpl.RAMJobStore - RAMJobStore initialized.
2021-11-25 18:24:09.476 [main] INFO  org.quartz.core.QuartzScheduler - Scheduler meta-data: Quartz Scheduler (v2.3.2) 'quartzScheduler' with instanceId 'NON_CLUSTERED'
  Scheduler class: 'org.quartz.core.QuartzScheduler' - running locally.
  NOT STARTED.
  Currently in standby mode.
  Number of jobs executed: 0
  Using thread pool 'org.quartz.simpl.SimpleThreadPool' - with 10 threads.
  Using job-store 'org.quartz.simpl.RAMJobStore' - which does not support persistence. and is not clustered.

2021-11-25 18:24:09.476 [main] INFO  org.quartz.impl.StdSchedulerFactory - Quartz scheduler 'quartzScheduler' initialized from an externally provided properties instance.
2021-11-25 18:24:09.476 [main] INFO  org.quartz.impl.StdSchedulerFactory - Quartz scheduler version: 2.3.2
2021-11-25 18:24:09.476 [main] INFO  org.quartz.core.QuartzScheduler - JobFactory set to: org.springframework.scheduling.quartz.SpringBeanJobFactory@77401977
2021-11-25 18:24:09.503 [main] INFO  org.springframework.scheduling.quartz.SchedulerFactoryBean - Starting Quartz Scheduler now
2021-11-25 18:24:09.503 [main] INFO  org.quartz.core.QuartzScheduler - Scheduler quartzScheduler_$_NON_CLUSTERED started.
2021-11-25 18:24:09.520 [main] INFO  io.undertow - starting server: Undertow - 2.0.28.Final
2021-11-25 18:24:09.529 [main] INFO  org.xnio - XNIO version 3.3.8.Final
2021-11-25 18:24:09.541 [main] INFO  org.xnio.nio - XNIO NIO Implementation Version 3.3.8.Final
2021-11-25 18:24:09.736 [main] INFO  org.springframework.boot.web.embedded.undertow.UndertowServletWebServer - Undertow started on port(s) 6565 (http) with context path ''
2021-11-25 18:24:09.739 [main] INFO  com.iotinall.framework.MybatisPlusFrameworkApplication - Started MybatisPlusFrameworkApplication in 6.293 seconds (JVM running for 6.723)
